[19-Sep-2019 14:14:20 America/Los_Angeles] PHP Notice:  Undefined index: exito_mensaje in /Applications/nginxstack-1.14.2-3/nginx/html/monitoreo/admin/entrevistas/individuales.php on line 11
[19-Sep-2019 14:14:20 America/Los_Angeles] PHP Notice:  Undefined index: error in /Applications/nginxstack-1.14.2-3/nginx/html/monitoreo/admin/entrevistas/individuales.php on line 22
[19-Sep-2019 14:14:20 America/Los_Angeles] PHP Notice:  Undefined index: error in /Applications/nginxstack-1.14.2-3/nginx/html/monitoreo/tpl/smarty/templates_c/62352f95e8f2039dfb6ec49634e5789176efe90e_0.file.individuales.tpl.php on line 38
[19-Sep-2019 14:14:20 America/Los_Angeles] PHP Notice:  Trying to get property 'value' of non-object in /Applications/nginxstack-1.14.2-3/nginx/html/monitoreo/tpl/smarty/templates_c/62352f95e8f2039dfb6ec49634e5789176efe90e_0.file.individuales.tpl.php on line 38
[19-Sep-2019 14:14:20 America/Los_Angeles] PHP Notice:  Undefined index: exito_titulo in /Applications/nginxstack-1.14.2-3/nginx/html/monitoreo/tpl/smarty/templates_c/62352f95e8f2039dfb6ec49634e5789176efe90e_0.file.individuales.tpl.php on line 43
[19-Sep-2019 14:14:20 America/Los_Angeles] PHP Notice:  Trying to get property 'value' of non-object in /Applications/nginxstack-1.14.2-3/nginx/html/monitoreo/tpl/smarty/templates_c/62352f95e8f2039dfb6ec49634e5789176efe90e_0.file.individuales.tpl.php on line 43
[19-Sep-2019 14:14:20 America/Los_Angeles] PHP Notice:  Undefined index: exito_mensaje in /Applications/nginxstack-1.14.2-3/nginx/html/monitoreo/tpl/smarty/templates_c/62352f95e8f2039dfb6ec49634e5789176efe90e_0.file.individuales.tpl.php on line 45
[19-Sep-2019 14:14:20 America/Los_Angeles] PHP Notice:  Trying to get property 'value' of non-object in /Applications/nginxstack-1.14.2-3/nginx/html/monitoreo/tpl/smarty/templates_c/62352f95e8f2039dfb6ec49634e5789176efe90e_0.file.individuales.tpl.php on line 45
[19-Sep-2019 14:19:37 America/Los_Angeles] PHP Notice:  Undefined index: exito_mensaje in /Applications/nginxstack-1.14.2-3/nginx/html/monitoreo/admin/entrevistas/individuales.php on line 11
[19-Sep-2019 14:19:37 America/Los_Angeles] PHP Notice:  Undefined index: error in /Applications/nginxstack-1.14.2-3/nginx/html/monitoreo/admin/entrevistas/individuales.php on line 22
[19-Sep-2019 14:19:37 America/Los_Angeles] PHP Notice:  Undefined index: error in /Applications/nginxstack-1.14.2-3/nginx/html/monitoreo/tpl/smarty/templates_c/62352f95e8f2039dfb6ec49634e5789176efe90e_0.file.individuales.tpl.php on line 38
[19-Sep-2019 14:19:37 America/Los_Angeles] PHP Notice:  Trying to get property 'value' of non-object in /Applications/nginxstack-1.14.2-3/nginx/html/monitoreo/tpl/smarty/templates_c/62352f95e8f2039dfb6ec49634e5789176efe90e_0.file.individuales.tpl.php on line 38
[19-Sep-2019 14:19:37 America/Los_Angeles] PHP Notice:  Undefined index: exito_titulo in /Applications/nginxstack-1.14.2-3/nginx/html/monitoreo/tpl/smarty/templates_c/62352f95e8f2039dfb6ec49634e5789176efe90e_0.file.individuales.tpl.php on line 43
[19-Sep-2019 14:19:37 America/Los_Angeles] PHP Notice:  Trying to get property 'value' of non-object in /Applications/nginxstack-1.14.2-3/nginx/html/monitoreo/tpl/smarty/templates_c/62352f95e8f2039dfb6ec49634e5789176efe90e_0.file.individuales.tpl.php on line 43
[19-Sep-2019 14:19:37 America/Los_Angeles] PHP Notice:  Undefined index: exito_mensaje in /Applications/nginxstack-1.14.2-3/nginx/html/monitoreo/tpl/smarty/templates_c/62352f95e8f2039dfb6ec49634e5789176efe90e_0.file.individuales.tpl.php on line 45
[19-Sep-2019 14:19:37 America/Los_Angeles] PHP Notice:  Trying to get property 'value' of non-object in /Applications/nginxstack-1.14.2-3/nginx/html/monitoreo/tpl/smarty/templates_c/62352f95e8f2039dfb6ec49634e5789176efe90e_0.file.individuales.tpl.php on line 45
[19-Sep-2019 14:19:39 America/Los_Angeles] PHP Notice:  Undefined index: exito_mensaje in /Applications/nginxstack-1.14.2-3/nginx/html/monitoreo/admin/entrevistas/grupales.php on line 11
[19-Sep-2019 14:19:39 America/Los_Angeles] PHP Notice:  Undefined index: error in /Applications/nginxstack-1.14.2-3/nginx/html/monitoreo/admin/entrevistas/grupales.php on line 22
[19-Sep-2019 14:19:39 America/Los_Angeles] PHP Notice:  Undefined index: error in /Applications/nginxstack-1.14.2-3/nginx/html/monitoreo/tpl/smarty/templates_c/9215cc1fba25099e7a7f4a2b52370d6af5974412_0.file.grupales.tpl.php on line 38
[19-Sep-2019 14:19:39 America/Los_Angeles] PHP Notice:  Trying to get property 'value' of non-object in /Applications/nginxstack-1.14.2-3/nginx/html/monitoreo/tpl/smarty/templates_c/9215cc1fba25099e7a7f4a2b52370d6af5974412_0.file.grupales.tpl.php on line 38
[19-Sep-2019 14:19:39 America/Los_Angeles] PHP Notice:  Undefined index: exito_titulo in /Applications/nginxstack-1.14.2-3/nginx/html/monitoreo/tpl/smarty/templates_c/9215cc1fba25099e7a7f4a2b52370d6af5974412_0.file.grupales.tpl.php on line 43
[19-Sep-2019 14:19:39 America/Los_Angeles] PHP Notice:  Trying to get property 'value' of non-object in /Applications/nginxstack-1.14.2-3/nginx/html/monitoreo/tpl/smarty/templates_c/9215cc1fba25099e7a7f4a2b52370d6af5974412_0.file.grupales.tpl.php on line 43
[19-Sep-2019 14:19:39 America/Los_Angeles] PHP Notice:  Undefined index: exito_mensaje in /Applications/nginxstack-1.14.2-3/nginx/html/monitoreo/tpl/smarty/templates_c/9215cc1fba25099e7a7f4a2b52370d6af5974412_0.file.grupales.tpl.php on line 45
[19-Sep-2019 14:19:39 America/Los_Angeles] PHP Notice:  Trying to get property 'value' of non-object in /Applications/nginxstack-1.14.2-3/nginx/html/monitoreo/tpl/smarty/templates_c/9215cc1fba25099e7a7f4a2b52370d6af5974412_0.file.grupales.tpl.php on line 45
[19-Sep-2019 14:54:29 America/Los_Angeles] PHP Notice:  Undefined index: exito_mensaje in /Applications/nginxstack-1.14.2-3/nginx/html/monitoreo/admin/entrevistas/grupales.php on line 11
[19-Sep-2019 14:54:29 America/Los_Angeles] PHP Notice:  Undefined index: error in /Applications/nginxstack-1.14.2-3/nginx/html/monitoreo/admin/entrevistas/grupales.php on line 22
[19-Sep-2019 14:54:29 America/Los_Angeles] PHP Notice:  Undefined index: error in /Applications/nginxstack-1.14.2-3/nginx/html/monitoreo/tpl/smarty/templates_c/9215cc1fba25099e7a7f4a2b52370d6af5974412_0.file.grupales.tpl.php on line 38
[19-Sep-2019 14:54:29 America/Los_Angeles] PHP Notice:  Trying to get property 'value' of non-object in /Applications/nginxstack-1.14.2-3/nginx/html/monitoreo/tpl/smarty/templates_c/9215cc1fba25099e7a7f4a2b52370d6af5974412_0.file.grupales.tpl.php on line 38
[19-Sep-2019 14:54:29 America/Los_Angeles] PHP Notice:  Undefined index: exito_titulo in /Applications/nginxstack-1.14.2-3/nginx/html/monitoreo/tpl/smarty/templates_c/9215cc1fba25099e7a7f4a2b52370d6af5974412_0.file.grupales.tpl.php on line 43
[19-Sep-2019 14:54:29 America/Los_Angeles] PHP Notice:  Trying to get property 'value' of non-object in /Applications/nginxstack-1.14.2-3/nginx/html/monitoreo/tpl/smarty/templates_c/9215cc1fba25099e7a7f4a2b52370d6af5974412_0.file.grupales.tpl.php on line 43
[19-Sep-2019 14:54:29 America/Los_Angeles] PHP Notice:  Undefined index: exito_mensaje in /Applications/nginxstack-1.14.2-3/nginx/html/monitoreo/tpl/smarty/templates_c/9215cc1fba25099e7a7f4a2b52370d6af5974412_0.file.grupales.tpl.php on line 45
[19-Sep-2019 14:54:29 America/Los_Angeles] PHP Notice:  Trying to get property 'value' of non-object in /Applications/nginxstack-1.14.2-3/nginx/html/monitoreo/tpl/smarty/templates_c/9215cc1fba25099e7a7f4a2b52370d6af5974412_0.file.grupales.tpl.php on line 45
[19-Sep-2019 15:53:25 America/Los_Angeles] PHP Notice:  Undefined index: exito_mensaje in /Applications/nginxstack-1.14.2-3/nginx/html/monitoreo/admin/entrevistas/individuales.php on line 11
[19-Sep-2019 15:53:25 America/Los_Angeles] PHP Notice:  Undefined index: error in /Applications/nginxstack-1.14.2-3/nginx/html/monitoreo/admin/entrevistas/individuales.php on line 22
[19-Sep-2019 15:53:25 America/Los_Angeles] PHP Notice:  Undefined index: error in /Applications/nginxstack-1.14.2-3/nginx/html/monitoreo/tpl/smarty/templates_c/62352f95e8f2039dfb6ec49634e5789176efe90e_0.file.individuales.tpl.php on line 38
[19-Sep-2019 15:53:25 America/Los_Angeles] PHP Notice:  Trying to get property 'value' of non-object in /Applications/nginxstack-1.14.2-3/nginx/html/monitoreo/tpl/smarty/templates_c/62352f95e8f2039dfb6ec49634e5789176efe90e_0.file.individuales.tpl.php on line 38
[19-Sep-2019 15:53:25 America/Los_Angeles] PHP Notice:  Undefined index: exito_titulo in /Applications/nginxstack-1.14.2-3/nginx/html/monitoreo/tpl/smarty/templates_c/62352f95e8f2039dfb6ec49634e5789176efe90e_0.file.individuales.tpl.php on line 43
[19-Sep-2019 15:53:25 America/Los_Angeles] PHP Notice:  Trying to get property 'value' of non-object in /Applications/nginxstack-1.14.2-3/nginx/html/monitoreo/tpl/smarty/templates_c/62352f95e8f2039dfb6ec49634e5789176efe90e_0.file.individuales.tpl.php on line 43
[19-Sep-2019 15:53:25 America/Los_Angeles] PHP Notice:  Undefined index: exito_mensaje in /Applications/nginxstack-1.14.2-3/nginx/html/monitoreo/tpl/smarty/templates_c/62352f95e8f2039dfb6ec49634e5789176efe90e_0.file.individuales.tpl.php on line 45
[19-Sep-2019 15:53:25 America/Los_Angeles] PHP Notice:  Trying to get property 'value' of non-object in /Applications/nginxstack-1.14.2-3/nginx/html/monitoreo/tpl/smarty/templates_c/62352f95e8f2039dfb6ec49634e5789176efe90e_0.file.individuales.tpl.php on line 45
[20-Sep-2019 09:55:42 America/Los_Angeles] PHP Notice:  Undefined index: exito_mensaje in /Applications/nginxstack-1.14.2-3/nginx/html/monitoreo/admin/entrevistas/individuales.php on line 11
[20-Sep-2019 09:55:42 America/Los_Angeles] PHP Notice:  Undefined index: error in /Applications/nginxstack-1.14.2-3/nginx/html/monitoreo/admin/entrevistas/individuales.php on line 22
[20-Sep-2019 09:55:42 America/Los_Angeles] PHP Notice:  Undefined index: error in /Applications/nginxstack-1.14.2-3/nginx/html/monitoreo/tpl/smarty/templates_c/62352f95e8f2039dfb6ec49634e5789176efe90e_0.file.individuales.tpl.php on line 38
[20-Sep-2019 09:55:42 America/Los_Angeles] PHP Notice:  Trying to get property 'value' of non-object in /Applications/nginxstack-1.14.2-3/nginx/html/monitoreo/tpl/smarty/templates_c/62352f95e8f2039dfb6ec49634e5789176efe90e_0.file.individuales.tpl.php on line 38
[20-Sep-2019 09:55:42 America/Los_Angeles] PHP Notice:  Undefined index: exito_titulo in /Applications/nginxstack-1.14.2-3/nginx/html/monitoreo/tpl/smarty/templates_c/62352f95e8f2039dfb6ec49634e5789176efe90e_0.file.individuales.tpl.php on line 43
[20-Sep-2019 09:55:42 America/Los_Angeles] PHP Notice:  Trying to get property 'value' of non-object in /Applications/nginxstack-1.14.2-3/nginx/html/monitoreo/tpl/smarty/templates_c/62352f95e8f2039dfb6ec49634e5789176efe90e_0.file.individuales.tpl.php on line 43
[20-Sep-2019 09:55:42 America/Los_Angeles] PHP Notice:  Undefined index: exito_mensaje in /Applications/nginxstack-1.14.2-3/nginx/html/monitoreo/tpl/smarty/templates_c/62352f95e8f2039dfb6ec49634e5789176efe90e_0.file.individuales.tpl.php on line 45
[20-Sep-2019 09:55:42 America/Los_Angeles] PHP Notice:  Trying to get property 'value' of non-object in /Applications/nginxstack-1.14.2-3/nginx/html/monitoreo/tpl/smarty/templates_c/62352f95e8f2039dfb6ec49634e5789176efe90e_0.file.individuales.tpl.php on line 45
[20-Sep-2019 09:56:35 America/Los_Angeles] PHP Notice:  Undefined index: exito_mensaje in /Applications/nginxstack-1.14.2-3/nginx/html/monitoreo/admin/entrevistas/individuales.php on line 11
[20-Sep-2019 09:56:35 America/Los_Angeles] PHP Notice:  Undefined index: error in /Applications/nginxstack-1.14.2-3/nginx/html/monitoreo/admin/entrevistas/individuales.php on line 22
[20-Sep-2019 09:56:35 America/Los_Angeles] PHP Notice:  Undefined index: error in /Applications/nginxstack-1.14.2-3/nginx/html/monitoreo/tpl/smarty/templates_c/62352f95e8f2039dfb6ec49634e5789176efe90e_0.file.individuales.tpl.php on line 38
[20-Sep-2019 09:56:35 America/Los_Angeles] PHP Notice:  Trying to get property 'value' of non-object in /Applications/nginxstack-1.14.2-3/nginx/html/monitoreo/tpl/smarty/templates_c/62352f95e8f2039dfb6ec49634e5789176efe90e_0.file.individuales.tpl.php on line 38
[20-Sep-2019 09:56:35 America/Los_Angeles] PHP Notice:  Undefined index: exito_titulo in /Applications/nginxstack-1.14.2-3/nginx/html/monitoreo/tpl/smarty/templates_c/62352f95e8f2039dfb6ec49634e5789176efe90e_0.file.individuales.tpl.php on line 43
[20-Sep-2019 09:56:35 America/Los_Angeles] PHP Notice:  Trying to get property 'value' of non-object in /Applications/nginxstack-1.14.2-3/nginx/html/monitoreo/tpl/smarty/templates_c/62352f95e8f2039dfb6ec49634e5789176efe90e_0.file.individuales.tpl.php on line 43
[20-Sep-2019 09:56:35 America/Los_Angeles] PHP Notice:  Undefined index: exito_mensaje in /Applications/nginxstack-1.14.2-3/nginx/html/monitoreo/tpl/smarty/templates_c/62352f95e8f2039dfb6ec49634e5789176efe90e_0.file.individuales.tpl.php on line 45
[20-Sep-2019 09:56:35 America/Los_Angeles] PHP Notice:  Trying to get property 'value' of non-object in /Applications/nginxstack-1.14.2-3/nginx/html/monitoreo/tpl/smarty/templates_c/62352f95e8f2039dfb6ec49634e5789176efe90e_0.file.individuales.tpl.php on line 45
[20-Sep-2019 09:56:37 America/Los_Angeles] PHP Notice:  Undefined index: exito_mensaje in /Applications/nginxstack-1.14.2-3/nginx/html/monitoreo/admin/entrevistas/grupales.php on line 11
[20-Sep-2019 09:56:37 America/Los_Angeles] PHP Notice:  Undefined index: error in /Applications/nginxstack-1.14.2-3/nginx/html/monitoreo/admin/entrevistas/grupales.php on line 22
[20-Sep-2019 09:56:37 America/Los_Angeles] PHP Notice:  Undefined index: error in /Applications/nginxstack-1.14.2-3/nginx/html/monitoreo/tpl/smarty/templates_c/9215cc1fba25099e7a7f4a2b52370d6af5974412_0.file.grupales.tpl.php on line 38
[20-Sep-2019 09:56:37 America/Los_Angeles] PHP Notice:  Trying to get property 'value' of non-object in /Applications/nginxstack-1.14.2-3/nginx/html/monitoreo/tpl/smarty/templates_c/9215cc1fba25099e7a7f4a2b52370d6af5974412_0.file.grupales.tpl.php on line 38
[20-Sep-2019 09:56:37 America/Los_Angeles] PHP Notice:  Undefined index: exito_titulo in /Applications/nginxstack-1.14.2-3/nginx/html/monitoreo/tpl/smarty/templates_c/9215cc1fba25099e7a7f4a2b52370d6af5974412_0.file.grupales.tpl.php on line 43
[20-Sep-2019 09:56:37 America/Los_Angeles] PHP Notice:  Trying to get property 'value' of non-object in /Applications/nginxstack-1.14.2-3/nginx/html/monitoreo/tpl/smarty/templates_c/9215cc1fba25099e7a7f4a2b52370d6af5974412_0.file.grupales.tpl.php on line 43
[20-Sep-2019 09:56:37 America/Los_Angeles] PHP Notice:  Undefined index: exito_mensaje in /Applications/nginxstack-1.14.2-3/nginx/html/monitoreo/tpl/smarty/templates_c/9215cc1fba25099e7a7f4a2b52370d6af5974412_0.file.grupales.tpl.php on line 45
[20-Sep-2019 09:56:37 America/Los_Angeles] PHP Notice:  Trying to get property 'value' of non-object in /Applications/nginxstack-1.14.2-3/nginx/html/monitoreo/tpl/smarty/templates_c/9215cc1fba25099e7a7f4a2b52370d6af5974412_0.file.grupales.tpl.php on line 45
[20-Sep-2019 13:21:43 America/Los_Angeles] PHP Notice:  Undefined index: exito_mensaje in /Applications/nginxstack-1.14.2-3/nginx/html/monitoreo/admin/entrevistas/individuales.php on line 11
[20-Sep-2019 13:21:43 America/Los_Angeles] PHP Notice:  Undefined index: error in /Applications/nginxstack-1.14.2-3/nginx/html/monitoreo/admin/entrevistas/individuales.php on line 22
[20-Sep-2019 13:21:43 America/Los_Angeles] PHP Notice:  Undefined index: error in /Applications/nginxstack-1.14.2-3/nginx/html/monitoreo/tpl/smarty/templates_c/62352f95e8f2039dfb6ec49634e5789176efe90e_0.file.individuales.tpl.php on line 38
[20-Sep-2019 13:21:43 America/Los_Angeles] PHP Notice:  Trying to get property 'value' of non-object in /Applications/nginxstack-1.14.2-3/nginx/html/monitoreo/tpl/smarty/templates_c/62352f95e8f2039dfb6ec49634e5789176efe90e_0.file.individuales.tpl.php on line 38
[20-Sep-2019 13:21:43 America/Los_Angeles] PHP Notice:  Undefined index: exito_titulo in /Applications/nginxstack-1.14.2-3/nginx/html/monitoreo/tpl/smarty/templates_c/62352f95e8f2039dfb6ec49634e5789176efe90e_0.file.individuales.tpl.php on line 43
[20-Sep-2019 13:21:43 America/Los_Angeles] PHP Notice:  Trying to get property 'value' of non-object in /Applications/nginxstack-1.14.2-3/nginx/html/monitoreo/tpl/smarty/templates_c/62352f95e8f2039dfb6ec49634e5789176efe90e_0.file.individuales.tpl.php on line 43
[20-Sep-2019 13:21:43 America/Los_Angeles] PHP Notice:  Undefined index: exito_mensaje in /Applications/nginxstack-1.14.2-3/nginx/html/monitoreo/tpl/smarty/templates_c/62352f95e8f2039dfb6ec49634e5789176efe90e_0.file.individuales.tpl.php on line 45
[20-Sep-2019 13:21:43 America/Los_Angeles] PHP Notice:  Trying to get property 'value' of non-object in /Applications/nginxstack-1.14.2-3/nginx/html/monitoreo/tpl/smarty/templates_c/62352f95e8f2039dfb6ec49634e5789176efe90e_0.file.individuales.tpl.php on line 45
[20-Sep-2019 13:22:21 America/Los_Angeles] PHP Notice:  Undefined index: exito_mensaje in /Applications/nginxstack-1.14.2-3/nginx/html/monitoreo/admin/entrevistas/grupales.php on line 11
[20-Sep-2019 13:22:21 America/Los_Angeles] PHP Notice:  Undefined index: error in /Applications/nginxstack-1.14.2-3/nginx/html/monitoreo/admin/entrevistas/grupales.php on line 22
[20-Sep-2019 13:22:21 America/Los_Angeles] PHP Notice:  Undefined index: error in /Applications/nginxstack-1.14.2-3/nginx/html/monitoreo/tpl/smarty/templates_c/9215cc1fba25099e7a7f4a2b52370d6af5974412_0.file.grupales.tpl.php on line 38
[20-Sep-2019 13:22:21 America/Los_Angeles] PHP Notice:  Trying to get property 'value' of non-object in /Applications/nginxstack-1.14.2-3/nginx/html/monitoreo/tpl/smarty/templates_c/9215cc1fba25099e7a7f4a2b52370d6af5974412_0.file.grupales.tpl.php on line 38
[20-Sep-2019 13:22:21 America/Los_Angeles] PHP Notice:  Undefined index: exito_titulo in /Applications/nginxstack-1.14.2-3/nginx/html/monitoreo/tpl/smarty/templates_c/9215cc1fba25099e7a7f4a2b52370d6af5974412_0.file.grupales.tpl.php on line 43
[20-Sep-2019 13:22:21 America/Los_Angeles] PHP Notice:  Trying to get property 'value' of non-object in /Applications/nginxstack-1.14.2-3/nginx/html/monitoreo/tpl/smarty/templates_c/9215cc1fba25099e7a7f4a2b52370d6af5974412_0.file.grupales.tpl.php on line 43
[20-Sep-2019 13:22:21 America/Los_Angeles] PHP Notice:  Undefined index: exito_mensaje in /Applications/nginxstack-1.14.2-3/nginx/html/monitoreo/tpl/smarty/templates_c/9215cc1fba25099e7a7f4a2b52370d6af5974412_0.file.grupales.tpl.php on line 45
[20-Sep-2019 13:22:21 America/Los_Angeles] PHP Notice:  Trying to get property 'value' of non-object in /Applications/nginxstack-1.14.2-3/nginx/html/monitoreo/tpl/smarty/templates_c/9215cc1fba25099e7a7f4a2b52370d6af5974412_0.file.grupales.tpl.php on line 45
[20-Sep-2019 13:23:50 America/Los_Angeles] PHP Notice:  Undefined index: exito_mensaje in /Applications/nginxstack-1.14.2-3/nginx/html/monitoreo/admin/entrevistas/grupales.php on line 11
[20-Sep-2019 13:23:50 America/Los_Angeles] PHP Notice:  Undefined index: error in /Applications/nginxstack-1.14.2-3/nginx/html/monitoreo/admin/entrevistas/grupales.php on line 22
[20-Sep-2019 13:23:50 America/Los_Angeles] PHP Notice:  Undefined index: error in /Applications/nginxstack-1.14.2-3/nginx/html/monitoreo/tpl/smarty/templates_c/9215cc1fba25099e7a7f4a2b52370d6af5974412_0.file.grupales.tpl.php on line 38
[20-Sep-2019 13:23:50 America/Los_Angeles] PHP Notice:  Trying to get property 'value' of non-object in /Applications/nginxstack-1.14.2-3/nginx/html/monitoreo/tpl/smarty/templates_c/9215cc1fba25099e7a7f4a2b52370d6af5974412_0.file.grupales.tpl.php on line 38
[20-Sep-2019 13:23:50 America/Los_Angeles] PHP Notice:  Undefined index: exito_titulo in /Applications/nginxstack-1.14.2-3/nginx/html/monitoreo/tpl/smarty/templates_c/9215cc1fba25099e7a7f4a2b52370d6af5974412_0.file.grupales.tpl.php on line 43
[20-Sep-2019 13:23:50 America/Los_Angeles] PHP Notice:  Trying to get property 'value' of non-object in /Applications/nginxstack-1.14.2-3/nginx/html/monitoreo/tpl/smarty/templates_c/9215cc1fba25099e7a7f4a2b52370d6af5974412_0.file.grupales.tpl.php on line 43
[20-Sep-2019 13:23:50 America/Los_Angeles] PHP Notice:  Undefined index: exito_mensaje in /Applications/nginxstack-1.14.2-3/nginx/html/monitoreo/tpl/smarty/templates_c/9215cc1fba25099e7a7f4a2b52370d6af5974412_0.file.grupales.tpl.php on line 45
[20-Sep-2019 13:23:50 America/Los_Angeles] PHP Notice:  Trying to get property 'value' of non-object in /Applications/nginxstack-1.14.2-3/nginx/html/monitoreo/tpl/smarty/templates_c/9215cc1fba25099e7a7f4a2b52370d6af5974412_0.file.grupales.tpl.php on line 45
