[19-Sep-2019 14:14:17 America/Los_Angeles] PHP Notice:  Undefined index: exito_mensaje in /Applications/nginxstack-1.14.2-3/nginx/html/monitoreo/admin/prueba/prueba.php on line 11
[19-Sep-2019 14:14:17 America/Los_Angeles] PHP Notice:  Undefined index: error in /Applications/nginxstack-1.14.2-3/nginx/html/monitoreo/admin/prueba/prueba.php on line 22
[19-Sep-2019 14:14:17 America/Los_Angeles] PHP Notice:  Undefined index: error in /Applications/nginxstack-1.14.2-3/nginx/html/monitoreo/tpl/smarty/templates_c/b9147f25c4d12a21c692f28c35ec0577987aacd8_0.file.prueba.tpl.php on line 38
[19-Sep-2019 14:14:17 America/Los_Angeles] PHP Notice:  Trying to get property 'value' of non-object in /Applications/nginxstack-1.14.2-3/nginx/html/monitoreo/tpl/smarty/templates_c/b9147f25c4d12a21c692f28c35ec0577987aacd8_0.file.prueba.tpl.php on line 38
[19-Sep-2019 14:14:17 America/Los_Angeles] PHP Notice:  Undefined index: exito_titulo in /Applications/nginxstack-1.14.2-3/nginx/html/monitoreo/tpl/smarty/templates_c/b9147f25c4d12a21c692f28c35ec0577987aacd8_0.file.prueba.tpl.php on line 43
[19-Sep-2019 14:14:17 America/Los_Angeles] PHP Notice:  Trying to get property 'value' of non-object in /Applications/nginxstack-1.14.2-3/nginx/html/monitoreo/tpl/smarty/templates_c/b9147f25c4d12a21c692f28c35ec0577987aacd8_0.file.prueba.tpl.php on line 43
[19-Sep-2019 14:14:17 America/Los_Angeles] PHP Notice:  Undefined index: exito_mensaje in /Applications/nginxstack-1.14.2-3/nginx/html/monitoreo/tpl/smarty/templates_c/b9147f25c4d12a21c692f28c35ec0577987aacd8_0.file.prueba.tpl.php on line 45
[19-Sep-2019 14:14:17 America/Los_Angeles] PHP Notice:  Trying to get property 'value' of non-object in /Applications/nginxstack-1.14.2-3/nginx/html/monitoreo/tpl/smarty/templates_c/b9147f25c4d12a21c692f28c35ec0577987aacd8_0.file.prueba.tpl.php on line 45
[19-Sep-2019 14:36:08 America/Los_Angeles] PHP Notice:  Undefined index: exito_mensaje in /Applications/nginxstack-1.14.2-3/nginx/html/monitoreo/admin/prueba/prueba.php on line 11
[19-Sep-2019 14:36:08 America/Los_Angeles] PHP Notice:  Undefined index: error in /Applications/nginxstack-1.14.2-3/nginx/html/monitoreo/admin/prueba/prueba.php on line 22
[19-Sep-2019 14:36:08 America/Los_Angeles] PHP Notice:  Undefined index: error in /Applications/nginxstack-1.14.2-3/nginx/html/monitoreo/tpl/smarty/templates_c/b9147f25c4d12a21c692f28c35ec0577987aacd8_0.file.prueba.tpl.php on line 38
[19-Sep-2019 14:36:08 America/Los_Angeles] PHP Notice:  Trying to get property 'value' of non-object in /Applications/nginxstack-1.14.2-3/nginx/html/monitoreo/tpl/smarty/templates_c/b9147f25c4d12a21c692f28c35ec0577987aacd8_0.file.prueba.tpl.php on line 38
[19-Sep-2019 14:36:08 America/Los_Angeles] PHP Notice:  Undefined index: exito_titulo in /Applications/nginxstack-1.14.2-3/nginx/html/monitoreo/tpl/smarty/templates_c/b9147f25c4d12a21c692f28c35ec0577987aacd8_0.file.prueba.tpl.php on line 43
[19-Sep-2019 14:36:08 America/Los_Angeles] PHP Notice:  Trying to get property 'value' of non-object in /Applications/nginxstack-1.14.2-3/nginx/html/monitoreo/tpl/smarty/templates_c/b9147f25c4d12a21c692f28c35ec0577987aacd8_0.file.prueba.tpl.php on line 43
[19-Sep-2019 14:36:08 America/Los_Angeles] PHP Notice:  Undefined index: exito_mensaje in /Applications/nginxstack-1.14.2-3/nginx/html/monitoreo/tpl/smarty/templates_c/b9147f25c4d12a21c692f28c35ec0577987aacd8_0.file.prueba.tpl.php on line 45
[19-Sep-2019 14:36:08 America/Los_Angeles] PHP Notice:  Trying to get property 'value' of non-object in /Applications/nginxstack-1.14.2-3/nginx/html/monitoreo/tpl/smarty/templates_c/b9147f25c4d12a21c692f28c35ec0577987aacd8_0.file.prueba.tpl.php on line 45
[19-Sep-2019 14:54:32 America/Los_Angeles] PHP Notice:  Undefined index: exito_mensaje in /Applications/nginxstack-1.14.2-3/nginx/html/monitoreo/admin/prueba/prueba.php on line 11
[19-Sep-2019 14:54:32 America/Los_Angeles] PHP Notice:  Undefined index: error in /Applications/nginxstack-1.14.2-3/nginx/html/monitoreo/admin/prueba/prueba.php on line 22
[19-Sep-2019 14:54:32 America/Los_Angeles] PHP Notice:  Undefined index: error in /Applications/nginxstack-1.14.2-3/nginx/html/monitoreo/tpl/smarty/templates_c/b9147f25c4d12a21c692f28c35ec0577987aacd8_0.file.prueba.tpl.php on line 38
[19-Sep-2019 14:54:32 America/Los_Angeles] PHP Notice:  Trying to get property 'value' of non-object in /Applications/nginxstack-1.14.2-3/nginx/html/monitoreo/tpl/smarty/templates_c/b9147f25c4d12a21c692f28c35ec0577987aacd8_0.file.prueba.tpl.php on line 38
[19-Sep-2019 14:54:32 America/Los_Angeles] PHP Notice:  Undefined index: exito_titulo in /Applications/nginxstack-1.14.2-3/nginx/html/monitoreo/tpl/smarty/templates_c/b9147f25c4d12a21c692f28c35ec0577987aacd8_0.file.prueba.tpl.php on line 43
[19-Sep-2019 14:54:32 America/Los_Angeles] PHP Notice:  Trying to get property 'value' of non-object in /Applications/nginxstack-1.14.2-3/nginx/html/monitoreo/tpl/smarty/templates_c/b9147f25c4d12a21c692f28c35ec0577987aacd8_0.file.prueba.tpl.php on line 43
[19-Sep-2019 14:54:32 America/Los_Angeles] PHP Notice:  Undefined index: exito_mensaje in /Applications/nginxstack-1.14.2-3/nginx/html/monitoreo/tpl/smarty/templates_c/b9147f25c4d12a21c692f28c35ec0577987aacd8_0.file.prueba.tpl.php on line 45
[19-Sep-2019 14:54:32 America/Los_Angeles] PHP Notice:  Trying to get property 'value' of non-object in /Applications/nginxstack-1.14.2-3/nginx/html/monitoreo/tpl/smarty/templates_c/b9147f25c4d12a21c692f28c35ec0577987aacd8_0.file.prueba.tpl.php on line 45
[19-Sep-2019 15:09:55 America/Los_Angeles] PHP Notice:  Undefined index: exito_mensaje in /Applications/nginxstack-1.14.2-3/nginx/html/monitoreo/admin/prueba/prueba.php on line 11
[19-Sep-2019 15:09:55 America/Los_Angeles] PHP Notice:  Undefined index: error in /Applications/nginxstack-1.14.2-3/nginx/html/monitoreo/admin/prueba/prueba.php on line 22
[19-Sep-2019 15:09:55 America/Los_Angeles] PHP Notice:  Undefined index: error in /Applications/nginxstack-1.14.2-3/nginx/html/monitoreo/tpl/smarty/templates_c/b9147f25c4d12a21c692f28c35ec0577987aacd8_0.file.prueba.tpl.php on line 38
[19-Sep-2019 15:09:55 America/Los_Angeles] PHP Notice:  Trying to get property 'value' of non-object in /Applications/nginxstack-1.14.2-3/nginx/html/monitoreo/tpl/smarty/templates_c/b9147f25c4d12a21c692f28c35ec0577987aacd8_0.file.prueba.tpl.php on line 38
[19-Sep-2019 15:09:55 America/Los_Angeles] PHP Notice:  Undefined index: exito_titulo in /Applications/nginxstack-1.14.2-3/nginx/html/monitoreo/tpl/smarty/templates_c/b9147f25c4d12a21c692f28c35ec0577987aacd8_0.file.prueba.tpl.php on line 43
[19-Sep-2019 15:09:55 America/Los_Angeles] PHP Notice:  Trying to get property 'value' of non-object in /Applications/nginxstack-1.14.2-3/nginx/html/monitoreo/tpl/smarty/templates_c/b9147f25c4d12a21c692f28c35ec0577987aacd8_0.file.prueba.tpl.php on line 43
[19-Sep-2019 15:09:55 America/Los_Angeles] PHP Notice:  Undefined index: exito_mensaje in /Applications/nginxstack-1.14.2-3/nginx/html/monitoreo/tpl/smarty/templates_c/b9147f25c4d12a21c692f28c35ec0577987aacd8_0.file.prueba.tpl.php on line 45
[19-Sep-2019 15:09:55 America/Los_Angeles] PHP Notice:  Trying to get property 'value' of non-object in /Applications/nginxstack-1.14.2-3/nginx/html/monitoreo/tpl/smarty/templates_c/b9147f25c4d12a21c692f28c35ec0577987aacd8_0.file.prueba.tpl.php on line 45
