[08-Oct-2019 12:57:34 America/Los_Angeles] PHP Notice:  Undefined variable: header in /Applications/nginxstack-1.14.2-3/nginx/html/monitoreo/footer.php on line 5
[08-Oct-2019 12:57:34 America/Los_Angeles] PHP Stack trace:
[08-Oct-2019 12:57:34 America/Los_Angeles] PHP   1. {main}() /Applications/nginxstack-1.14.2-3/nginx/html/monitoreo/admin/index.php:0
[08-Oct-2019 12:57:34 America/Los_Angeles] PHP   2. require_once() /Applications/nginxstack-1.14.2-3/nginx/html/monitoreo/admin/index.php:18
[08-Oct-2019 12:57:34 America/Los_Angeles] PHP Notice:  Undefined variable: footer in /Applications/nginxstack-1.14.2-3/nginx/html/monitoreo/footer.php on line 7
[08-Oct-2019 12:57:34 America/Los_Angeles] PHP Stack trace:
[08-Oct-2019 12:57:34 America/Los_Angeles] PHP   1. {main}() /Applications/nginxstack-1.14.2-3/nginx/html/monitoreo/admin/index.php:0
[08-Oct-2019 12:57:34 America/Los_Angeles] PHP   2. require_once() /Applications/nginxstack-1.14.2-3/nginx/html/monitoreo/admin/index.php:18
[09-Oct-2019 15:45:48 America/Los_Angeles] PHP Notice:  Undefined variable: header in /Applications/nginxstack-1.14.2-3/nginx/html/monitoreo/footer.php on line 5
[09-Oct-2019 15:45:48 America/Los_Angeles] PHP Stack trace:
[09-Oct-2019 15:45:48 America/Los_Angeles] PHP   1. {main}() /Applications/nginxstack-1.14.2-3/nginx/html/monitoreo/admin/index.php:0
[09-Oct-2019 15:45:48 America/Los_Angeles] PHP   2. require_once() /Applications/nginxstack-1.14.2-3/nginx/html/monitoreo/admin/index.php:18
[09-Oct-2019 15:45:48 America/Los_Angeles] PHP Notice:  Undefined variable: footer in /Applications/nginxstack-1.14.2-3/nginx/html/monitoreo/footer.php on line 7
[09-Oct-2019 15:45:48 America/Los_Angeles] PHP Stack trace:
[09-Oct-2019 15:45:48 America/Los_Angeles] PHP   1. {main}() /Applications/nginxstack-1.14.2-3/nginx/html/monitoreo/admin/index.php:0
[09-Oct-2019 15:45:48 America/Los_Angeles] PHP   2. require_once() /Applications/nginxstack-1.14.2-3/nginx/html/monitoreo/admin/index.php:18
[09-Oct-2019 15:45:54 America/Los_Angeles] PHP Notice:  Undefined variable: header in /Applications/nginxstack-1.14.2-3/nginx/html/monitoreo/footer.php on line 5
[09-Oct-2019 15:45:54 America/Los_Angeles] PHP Stack trace:
[09-Oct-2019 15:45:54 America/Los_Angeles] PHP   1. {main}() /Applications/nginxstack-1.14.2-3/nginx/html/monitoreo/admin/index.php:0
[09-Oct-2019 15:45:54 America/Los_Angeles] PHP   2. require_once() /Applications/nginxstack-1.14.2-3/nginx/html/monitoreo/admin/index.php:18
[09-Oct-2019 15:45:54 America/Los_Angeles] PHP Notice:  Undefined variable: footer in /Applications/nginxstack-1.14.2-3/nginx/html/monitoreo/footer.php on line 7
[09-Oct-2019 15:45:54 America/Los_Angeles] PHP Stack trace:
[09-Oct-2019 15:45:54 America/Los_Angeles] PHP   1. {main}() /Applications/nginxstack-1.14.2-3/nginx/html/monitoreo/admin/index.php:0
[09-Oct-2019 15:45:54 America/Los_Angeles] PHP   2. require_once() /Applications/nginxstack-1.14.2-3/nginx/html/monitoreo/admin/index.php:18
