[26-Sep-2019 10:02:57 America/Los_Angeles] PHP Notice:  Undefined index: exito_mensaje in /Applications/nginxstack-1.14.2-3/nginx/html/monitoreo/user/pruebas/pruebas.php on line 12
[26-Sep-2019 10:02:57 America/Los_Angeles] PHP Stack trace:
[26-Sep-2019 10:02:57 America/Los_Angeles] PHP   1. {main}() /Applications/nginxstack-1.14.2-3/nginx/html/monitoreo/user/pruebas/pruebas.php:0
[26-Sep-2019 10:02:57 America/Los_Angeles] PHP Notice:  Undefined index: error in /Applications/nginxstack-1.14.2-3/nginx/html/monitoreo/user/pruebas/pruebas.php on line 24
[26-Sep-2019 10:02:57 America/Los_Angeles] PHP Stack trace:
[26-Sep-2019 10:02:57 America/Los_Angeles] PHP   1. {main}() /Applications/nginxstack-1.14.2-3/nginx/html/monitoreo/user/pruebas/pruebas.php:0
[26-Sep-2019 10:02:57 America/Los_Angeles] PHP Notice:  Undefined index: error in /Applications/nginxstack-1.14.2-3/nginx/html/monitoreo/tpl/smarty/templates_c/c53b1684a33c6fe58cf6b515a22b5dcf07ad6002_0.file.pruebas.tpl.php on line 38
[26-Sep-2019 10:02:57 America/Los_Angeles] PHP Stack trace:
[26-Sep-2019 10:02:57 America/Los_Angeles] PHP   1. {main}() /Applications/nginxstack-1.14.2-3/nginx/html/monitoreo/user/pruebas/pruebas.php:0
[26-Sep-2019 10:02:57 America/Los_Angeles] PHP   2. Smarty->fetch() /Applications/nginxstack-1.14.2-3/nginx/html/monitoreo/user/pruebas/pruebas.php:33
[26-Sep-2019 10:02:57 America/Los_Angeles] PHP   3. Smarty->_execute() /Applications/nginxstack-1.14.2-3/nginx/html/monitoreo/lib/Smarty/sysplugins/smarty_internal_templatebase.php:116
[26-Sep-2019 10:02:57 America/Los_Angeles] PHP   4. Smarty_Internal_Template->render() /Applications/nginxstack-1.14.2-3/nginx/html/monitoreo/lib/Smarty/sysplugins/smarty_internal_templatebase.php:232
[26-Sep-2019 10:02:57 America/Los_Angeles] PHP   5. Smarty_Template_Compiled->render() /Applications/nginxstack-1.14.2-3/nginx/html/monitoreo/lib/Smarty/sysplugins/smarty_internal_template.php:216
[26-Sep-2019 10:02:57 America/Los_Angeles] PHP   6. Smarty_Template_Compiled->getRenderedTemplateCode() /Applications/nginxstack-1.14.2-3/nginx/html/monitoreo/lib/Smarty/sysplugins/smarty_template_compiled.php:114
[26-Sep-2019 10:02:57 America/Los_Angeles] PHP   7. content_5d85048a1760a4_29905827() /Applications/nginxstack-1.14.2-3/nginx/html/monitoreo/lib/Smarty/sysplugins/smarty_template_resource_base.php:123
[26-Sep-2019 10:02:57 America/Los_Angeles] PHP Notice:  Trying to get property 'value' of non-object in /Applications/nginxstack-1.14.2-3/nginx/html/monitoreo/tpl/smarty/templates_c/c53b1684a33c6fe58cf6b515a22b5dcf07ad6002_0.file.pruebas.tpl.php on line 38
[26-Sep-2019 10:02:57 America/Los_Angeles] PHP Stack trace:
[26-Sep-2019 10:02:57 America/Los_Angeles] PHP   1. {main}() /Applications/nginxstack-1.14.2-3/nginx/html/monitoreo/user/pruebas/pruebas.php:0
[26-Sep-2019 10:02:57 America/Los_Angeles] PHP   2. Smarty->fetch() /Applications/nginxstack-1.14.2-3/nginx/html/monitoreo/user/pruebas/pruebas.php:33
[26-Sep-2019 10:02:57 America/Los_Angeles] PHP   3. Smarty->_execute() /Applications/nginxstack-1.14.2-3/nginx/html/monitoreo/lib/Smarty/sysplugins/smarty_internal_templatebase.php:116
[26-Sep-2019 10:02:57 America/Los_Angeles] PHP   4. Smarty_Internal_Template->render() /Applications/nginxstack-1.14.2-3/nginx/html/monitoreo/lib/Smarty/sysplugins/smarty_internal_templatebase.php:232
[26-Sep-2019 10:02:57 America/Los_Angeles] PHP   5. Smarty_Template_Compiled->render() /Applications/nginxstack-1.14.2-3/nginx/html/monitoreo/lib/Smarty/sysplugins/smarty_internal_template.php:216
[26-Sep-2019 10:02:57 America/Los_Angeles] PHP   6. Smarty_Template_Compiled->getRenderedTemplateCode() /Applications/nginxstack-1.14.2-3/nginx/html/monitoreo/lib/Smarty/sysplugins/smarty_template_compiled.php:114
[26-Sep-2019 10:02:57 America/Los_Angeles] PHP   7. content_5d85048a1760a4_29905827() /Applications/nginxstack-1.14.2-3/nginx/html/monitoreo/lib/Smarty/sysplugins/smarty_template_resource_base.php:123
[26-Sep-2019 10:02:57 America/Los_Angeles] PHP Notice:  Undefined index: exito_titulo in /Applications/nginxstack-1.14.2-3/nginx/html/monitoreo/tpl/smarty/templates_c/c53b1684a33c6fe58cf6b515a22b5dcf07ad6002_0.file.pruebas.tpl.php on line 43
[26-Sep-2019 10:02:57 America/Los_Angeles] PHP Stack trace:
[26-Sep-2019 10:02:57 America/Los_Angeles] PHP   1. {main}() /Applications/nginxstack-1.14.2-3/nginx/html/monitoreo/user/pruebas/pruebas.php:0
[26-Sep-2019 10:02:57 America/Los_Angeles] PHP   2. Smarty->fetch() /Applications/nginxstack-1.14.2-3/nginx/html/monitoreo/user/pruebas/pruebas.php:33
[26-Sep-2019 10:02:57 America/Los_Angeles] PHP   3. Smarty->_execute() /Applications/nginxstack-1.14.2-3/nginx/html/monitoreo/lib/Smarty/sysplugins/smarty_internal_templatebase.php:116
[26-Sep-2019 10:02:57 America/Los_Angeles] PHP   4. Smarty_Internal_Template->render() /Applications/nginxstack-1.14.2-3/nginx/html/monitoreo/lib/Smarty/sysplugins/smarty_internal_templatebase.php:232
[26-Sep-2019 10:02:57 America/Los_Angeles] PHP   5. Smarty_Template_Compiled->render() /Applications/nginxstack-1.14.2-3/nginx/html/monitoreo/lib/Smarty/sysplugins/smarty_internal_template.php:216
[26-Sep-2019 10:02:57 America/Los_Angeles] PHP   6. Smarty_Template_Compiled->getRenderedTemplateCode() /Applications/nginxstack-1.14.2-3/nginx/html/monitoreo/lib/Smarty/sysplugins/smarty_template_compiled.php:114
[26-Sep-2019 10:02:57 America/Los_Angeles] PHP   7. content_5d85048a1760a4_29905827() /Applications/nginxstack-1.14.2-3/nginx/html/monitoreo/lib/Smarty/sysplugins/smarty_template_resource_base.php:123
[26-Sep-2019 10:02:57 America/Los_Angeles] PHP Notice:  Trying to get property 'value' of non-object in /Applications/nginxstack-1.14.2-3/nginx/html/monitoreo/tpl/smarty/templates_c/c53b1684a33c6fe58cf6b515a22b5dcf07ad6002_0.file.pruebas.tpl.php on line 43
[26-Sep-2019 10:02:57 America/Los_Angeles] PHP Stack trace:
[26-Sep-2019 10:02:57 America/Los_Angeles] PHP   1. {main}() /Applications/nginxstack-1.14.2-3/nginx/html/monitoreo/user/pruebas/pruebas.php:0
[26-Sep-2019 10:02:57 America/Los_Angeles] PHP   2. Smarty->fetch() /Applications/nginxstack-1.14.2-3/nginx/html/monitoreo/user/pruebas/pruebas.php:33
[26-Sep-2019 10:02:57 America/Los_Angeles] PHP   3. Smarty->_execute() /Applications/nginxstack-1.14.2-3/nginx/html/monitoreo/lib/Smarty/sysplugins/smarty_internal_templatebase.php:116
[26-Sep-2019 10:02:57 America/Los_Angeles] PHP   4. Smarty_Internal_Template->render() /Applications/nginxstack-1.14.2-3/nginx/html/monitoreo/lib/Smarty/sysplugins/smarty_internal_templatebase.php:232
[26-Sep-2019 10:02:57 America/Los_Angeles] PHP   5. Smarty_Template_Compiled->render() /Applications/nginxstack-1.14.2-3/nginx/html/monitoreo/lib/Smarty/sysplugins/smarty_internal_template.php:216
[26-Sep-2019 10:02:57 America/Los_Angeles] PHP   6. Smarty_Template_Compiled->getRenderedTemplateCode() /Applications/nginxstack-1.14.2-3/nginx/html/monitoreo/lib/Smarty/sysplugins/smarty_template_compiled.php:114
[26-Sep-2019 10:02:57 America/Los_Angeles] PHP   7. content_5d85048a1760a4_29905827() /Applications/nginxstack-1.14.2-3/nginx/html/monitoreo/lib/Smarty/sysplugins/smarty_template_resource_base.php:123
[26-Sep-2019 10:02:57 America/Los_Angeles] PHP Notice:  Undefined index: exito_mensaje in /Applications/nginxstack-1.14.2-3/nginx/html/monitoreo/tpl/smarty/templates_c/c53b1684a33c6fe58cf6b515a22b5dcf07ad6002_0.file.pruebas.tpl.php on line 45
[26-Sep-2019 10:02:57 America/Los_Angeles] PHP Stack trace:
[26-Sep-2019 10:02:57 America/Los_Angeles] PHP   1. {main}() /Applications/nginxstack-1.14.2-3/nginx/html/monitoreo/user/pruebas/pruebas.php:0
[26-Sep-2019 10:02:57 America/Los_Angeles] PHP   2. Smarty->fetch() /Applications/nginxstack-1.14.2-3/nginx/html/monitoreo/user/pruebas/pruebas.php:33
[26-Sep-2019 10:02:57 America/Los_Angeles] PHP   3. Smarty->_execute() /Applications/nginxstack-1.14.2-3/nginx/html/monitoreo/lib/Smarty/sysplugins/smarty_internal_templatebase.php:116
[26-Sep-2019 10:02:57 America/Los_Angeles] PHP   4. Smarty_Internal_Template->render() /Applications/nginxstack-1.14.2-3/nginx/html/monitoreo/lib/Smarty/sysplugins/smarty_internal_templatebase.php:232
[26-Sep-2019 10:02:57 America/Los_Angeles] PHP   5. Smarty_Template_Compiled->render() /Applications/nginxstack-1.14.2-3/nginx/html/monitoreo/lib/Smarty/sysplugins/smarty_internal_template.php:216
[26-Sep-2019 10:02:57 America/Los_Angeles] PHP   6. Smarty_Template_Compiled->getRenderedTemplateCode() /Applications/nginxstack-1.14.2-3/nginx/html/monitoreo/lib/Smarty/sysplugins/smarty_template_compiled.php:114
[26-Sep-2019 10:02:57 America/Los_Angeles] PHP   7. content_5d85048a1760a4_29905827() /Applications/nginxstack-1.14.2-3/nginx/html/monitoreo/lib/Smarty/sysplugins/smarty_template_resource_base.php:123
[26-Sep-2019 10:02:57 America/Los_Angeles] PHP Notice:  Trying to get property 'value' of non-object in /Applications/nginxstack-1.14.2-3/nginx/html/monitoreo/tpl/smarty/templates_c/c53b1684a33c6fe58cf6b515a22b5dcf07ad6002_0.file.pruebas.tpl.php on line 45
[26-Sep-2019 10:02:57 America/Los_Angeles] PHP Stack trace:
[26-Sep-2019 10:02:57 America/Los_Angeles] PHP   1. {main}() /Applications/nginxstack-1.14.2-3/nginx/html/monitoreo/user/pruebas/pruebas.php:0
[26-Sep-2019 10:02:57 America/Los_Angeles] PHP   2. Smarty->fetch() /Applications/nginxstack-1.14.2-3/nginx/html/monitoreo/user/pruebas/pruebas.php:33
[26-Sep-2019 10:02:57 America/Los_Angeles] PHP   3. Smarty->_execute() /Applications/nginxstack-1.14.2-3/nginx/html/monitoreo/lib/Smarty/sysplugins/smarty_internal_templatebase.php:116
[26-Sep-2019 10:02:57 America/Los_Angeles] PHP   4. Smarty_Internal_Template->render() /Applications/nginxstack-1.14.2-3/nginx/html/monitoreo/lib/Smarty/sysplugins/smarty_internal_templatebase.php:232
[26-Sep-2019 10:02:57 America/Los_Angeles] PHP   5. Smarty_Template_Compiled->render() /Applications/nginxstack-1.14.2-3/nginx/html/monitoreo/lib/Smarty/sysplugins/smarty_internal_template.php:216
[26-Sep-2019 10:02:57 America/Los_Angeles] PHP   6. Smarty_Template_Compiled->getRenderedTemplateCode() /Applications/nginxstack-1.14.2-3/nginx/html/monitoreo/lib/Smarty/sysplugins/smarty_template_compiled.php:114
[26-Sep-2019 10:02:57 America/Los_Angeles] PHP   7. content_5d85048a1760a4_29905827() /Applications/nginxstack-1.14.2-3/nginx/html/monitoreo/lib/Smarty/sysplugins/smarty_template_resource_base.php:123
[26-Sep-2019 10:11:07 America/Los_Angeles] PHP Notice:  Undefined index: exito_mensaje in /Applications/nginxstack-1.14.2-3/nginx/html/monitoreo/user/pruebas/pruebas.php on line 12
[26-Sep-2019 10:11:07 America/Los_Angeles] PHP Stack trace:
[26-Sep-2019 10:11:07 America/Los_Angeles] PHP   1. {main}() /Applications/nginxstack-1.14.2-3/nginx/html/monitoreo/user/pruebas/pruebas.php:0
[26-Sep-2019 10:11:07 America/Los_Angeles] PHP Notice:  Undefined index: error in /Applications/nginxstack-1.14.2-3/nginx/html/monitoreo/user/pruebas/pruebas.php on line 24
[26-Sep-2019 10:11:07 America/Los_Angeles] PHP Stack trace:
[26-Sep-2019 10:11:07 America/Los_Angeles] PHP   1. {main}() /Applications/nginxstack-1.14.2-3/nginx/html/monitoreo/user/pruebas/pruebas.php:0
[26-Sep-2019 10:11:07 America/Los_Angeles] PHP Notice:  Undefined index: error in /Applications/nginxstack-1.14.2-3/nginx/html/monitoreo/tpl/smarty/templates_c/c53b1684a33c6fe58cf6b515a22b5dcf07ad6002_0.file.pruebas.tpl.php on line 38
[26-Sep-2019 10:11:07 America/Los_Angeles] PHP Stack trace:
[26-Sep-2019 10:11:07 America/Los_Angeles] PHP   1. {main}() /Applications/nginxstack-1.14.2-3/nginx/html/monitoreo/user/pruebas/pruebas.php:0
[26-Sep-2019 10:11:07 America/Los_Angeles] PHP   2. Smarty->fetch() /Applications/nginxstack-1.14.2-3/nginx/html/monitoreo/user/pruebas/pruebas.php:33
[26-Sep-2019 10:11:07 America/Los_Angeles] PHP   3. Smarty->_execute() /Applications/nginxstack-1.14.2-3/nginx/html/monitoreo/lib/Smarty/sysplugins/smarty_internal_templatebase.php:116
[26-Sep-2019 10:11:07 America/Los_Angeles] PHP   4. Smarty_Internal_Template->render() /Applications/nginxstack-1.14.2-3/nginx/html/monitoreo/lib/Smarty/sysplugins/smarty_internal_templatebase.php:232
[26-Sep-2019 10:11:07 America/Los_Angeles] PHP   5. Smarty_Template_Compiled->render() /Applications/nginxstack-1.14.2-3/nginx/html/monitoreo/lib/Smarty/sysplugins/smarty_internal_template.php:216
[26-Sep-2019 10:11:07 America/Los_Angeles] PHP   6. Smarty_Template_Compiled->getRenderedTemplateCode() /Applications/nginxstack-1.14.2-3/nginx/html/monitoreo/lib/Smarty/sysplugins/smarty_template_compiled.php:114
[26-Sep-2019 10:11:07 America/Los_Angeles] PHP   7. content_5d85048a1760a4_29905827() /Applications/nginxstack-1.14.2-3/nginx/html/monitoreo/lib/Smarty/sysplugins/smarty_template_resource_base.php:123
[26-Sep-2019 10:11:07 America/Los_Angeles] PHP Notice:  Trying to get property 'value' of non-object in /Applications/nginxstack-1.14.2-3/nginx/html/monitoreo/tpl/smarty/templates_c/c53b1684a33c6fe58cf6b515a22b5dcf07ad6002_0.file.pruebas.tpl.php on line 38
[26-Sep-2019 10:11:07 America/Los_Angeles] PHP Stack trace:
[26-Sep-2019 10:11:07 America/Los_Angeles] PHP   1. {main}() /Applications/nginxstack-1.14.2-3/nginx/html/monitoreo/user/pruebas/pruebas.php:0
[26-Sep-2019 10:11:07 America/Los_Angeles] PHP   2. Smarty->fetch() /Applications/nginxstack-1.14.2-3/nginx/html/monitoreo/user/pruebas/pruebas.php:33
[26-Sep-2019 10:11:07 America/Los_Angeles] PHP   3. Smarty->_execute() /Applications/nginxstack-1.14.2-3/nginx/html/monitoreo/lib/Smarty/sysplugins/smarty_internal_templatebase.php:116
[26-Sep-2019 10:11:07 America/Los_Angeles] PHP   4. Smarty_Internal_Template->render() /Applications/nginxstack-1.14.2-3/nginx/html/monitoreo/lib/Smarty/sysplugins/smarty_internal_templatebase.php:232
[26-Sep-2019 10:11:07 America/Los_Angeles] PHP   5. Smarty_Template_Compiled->render() /Applications/nginxstack-1.14.2-3/nginx/html/monitoreo/lib/Smarty/sysplugins/smarty_internal_template.php:216
[26-Sep-2019 10:11:07 America/Los_Angeles] PHP   6. Smarty_Template_Compiled->getRenderedTemplateCode() /Applications/nginxstack-1.14.2-3/nginx/html/monitoreo/lib/Smarty/sysplugins/smarty_template_compiled.php:114
[26-Sep-2019 10:11:07 America/Los_Angeles] PHP   7. content_5d85048a1760a4_29905827() /Applications/nginxstack-1.14.2-3/nginx/html/monitoreo/lib/Smarty/sysplugins/smarty_template_resource_base.php:123
[26-Sep-2019 10:11:07 America/Los_Angeles] PHP Notice:  Undefined index: exito_titulo in /Applications/nginxstack-1.14.2-3/nginx/html/monitoreo/tpl/smarty/templates_c/c53b1684a33c6fe58cf6b515a22b5dcf07ad6002_0.file.pruebas.tpl.php on line 43
[26-Sep-2019 10:11:07 America/Los_Angeles] PHP Stack trace:
[26-Sep-2019 10:11:07 America/Los_Angeles] PHP   1. {main}() /Applications/nginxstack-1.14.2-3/nginx/html/monitoreo/user/pruebas/pruebas.php:0
[26-Sep-2019 10:11:07 America/Los_Angeles] PHP   2. Smarty->fetch() /Applications/nginxstack-1.14.2-3/nginx/html/monitoreo/user/pruebas/pruebas.php:33
[26-Sep-2019 10:11:07 America/Los_Angeles] PHP   3. Smarty->_execute() /Applications/nginxstack-1.14.2-3/nginx/html/monitoreo/lib/Smarty/sysplugins/smarty_internal_templatebase.php:116
[26-Sep-2019 10:11:07 America/Los_Angeles] PHP   4. Smarty_Internal_Template->render() /Applications/nginxstack-1.14.2-3/nginx/html/monitoreo/lib/Smarty/sysplugins/smarty_internal_templatebase.php:232
[26-Sep-2019 10:11:07 America/Los_Angeles] PHP   5. Smarty_Template_Compiled->render() /Applications/nginxstack-1.14.2-3/nginx/html/monitoreo/lib/Smarty/sysplugins/smarty_internal_template.php:216
[26-Sep-2019 10:11:07 America/Los_Angeles] PHP   6. Smarty_Template_Compiled->getRenderedTemplateCode() /Applications/nginxstack-1.14.2-3/nginx/html/monitoreo/lib/Smarty/sysplugins/smarty_template_compiled.php:114
[26-Sep-2019 10:11:07 America/Los_Angeles] PHP   7. content_5d85048a1760a4_29905827() /Applications/nginxstack-1.14.2-3/nginx/html/monitoreo/lib/Smarty/sysplugins/smarty_template_resource_base.php:123
[26-Sep-2019 10:11:07 America/Los_Angeles] PHP Notice:  Trying to get property 'value' of non-object in /Applications/nginxstack-1.14.2-3/nginx/html/monitoreo/tpl/smarty/templates_c/c53b1684a33c6fe58cf6b515a22b5dcf07ad6002_0.file.pruebas.tpl.php on line 43
[26-Sep-2019 10:11:07 America/Los_Angeles] PHP Stack trace:
[26-Sep-2019 10:11:07 America/Los_Angeles] PHP   1. {main}() /Applications/nginxstack-1.14.2-3/nginx/html/monitoreo/user/pruebas/pruebas.php:0
[26-Sep-2019 10:11:07 America/Los_Angeles] PHP   2. Smarty->fetch() /Applications/nginxstack-1.14.2-3/nginx/html/monitoreo/user/pruebas/pruebas.php:33
[26-Sep-2019 10:11:07 America/Los_Angeles] PHP   3. Smarty->_execute() /Applications/nginxstack-1.14.2-3/nginx/html/monitoreo/lib/Smarty/sysplugins/smarty_internal_templatebase.php:116
[26-Sep-2019 10:11:07 America/Los_Angeles] PHP   4. Smarty_Internal_Template->render() /Applications/nginxstack-1.14.2-3/nginx/html/monitoreo/lib/Smarty/sysplugins/smarty_internal_templatebase.php:232
[26-Sep-2019 10:11:07 America/Los_Angeles] PHP   5. Smarty_Template_Compiled->render() /Applications/nginxstack-1.14.2-3/nginx/html/monitoreo/lib/Smarty/sysplugins/smarty_internal_template.php:216
[26-Sep-2019 10:11:07 America/Los_Angeles] PHP   6. Smarty_Template_Compiled->getRenderedTemplateCode() /Applications/nginxstack-1.14.2-3/nginx/html/monitoreo/lib/Smarty/sysplugins/smarty_template_compiled.php:114
[26-Sep-2019 10:11:07 America/Los_Angeles] PHP   7. content_5d85048a1760a4_29905827() /Applications/nginxstack-1.14.2-3/nginx/html/monitoreo/lib/Smarty/sysplugins/smarty_template_resource_base.php:123
[26-Sep-2019 10:11:07 America/Los_Angeles] PHP Notice:  Undefined index: exito_mensaje in /Applications/nginxstack-1.14.2-3/nginx/html/monitoreo/tpl/smarty/templates_c/c53b1684a33c6fe58cf6b515a22b5dcf07ad6002_0.file.pruebas.tpl.php on line 45
[26-Sep-2019 10:11:07 America/Los_Angeles] PHP Stack trace:
[26-Sep-2019 10:11:07 America/Los_Angeles] PHP   1. {main}() /Applications/nginxstack-1.14.2-3/nginx/html/monitoreo/user/pruebas/pruebas.php:0
[26-Sep-2019 10:11:07 America/Los_Angeles] PHP   2. Smarty->fetch() /Applications/nginxstack-1.14.2-3/nginx/html/monitoreo/user/pruebas/pruebas.php:33
[26-Sep-2019 10:11:07 America/Los_Angeles] PHP   3. Smarty->_execute() /Applications/nginxstack-1.14.2-3/nginx/html/monitoreo/lib/Smarty/sysplugins/smarty_internal_templatebase.php:116
[26-Sep-2019 10:11:07 America/Los_Angeles] PHP   4. Smarty_Internal_Template->render() /Applications/nginxstack-1.14.2-3/nginx/html/monitoreo/lib/Smarty/sysplugins/smarty_internal_templatebase.php:232
[26-Sep-2019 10:11:07 America/Los_Angeles] PHP   5. Smarty_Template_Compiled->render() /Applications/nginxstack-1.14.2-3/nginx/html/monitoreo/lib/Smarty/sysplugins/smarty_internal_template.php:216
[26-Sep-2019 10:11:07 America/Los_Angeles] PHP   6. Smarty_Template_Compiled->getRenderedTemplateCode() /Applications/nginxstack-1.14.2-3/nginx/html/monitoreo/lib/Smarty/sysplugins/smarty_template_compiled.php:114
[26-Sep-2019 10:11:07 America/Los_Angeles] PHP   7. content_5d85048a1760a4_29905827() /Applications/nginxstack-1.14.2-3/nginx/html/monitoreo/lib/Smarty/sysplugins/smarty_template_resource_base.php:123
[26-Sep-2019 10:11:07 America/Los_Angeles] PHP Notice:  Trying to get property 'value' of non-object in /Applications/nginxstack-1.14.2-3/nginx/html/monitoreo/tpl/smarty/templates_c/c53b1684a33c6fe58cf6b515a22b5dcf07ad6002_0.file.pruebas.tpl.php on line 45
[26-Sep-2019 10:11:07 America/Los_Angeles] PHP Stack trace:
[26-Sep-2019 10:11:07 America/Los_Angeles] PHP   1. {main}() /Applications/nginxstack-1.14.2-3/nginx/html/monitoreo/user/pruebas/pruebas.php:0
[26-Sep-2019 10:11:07 America/Los_Angeles] PHP   2. Smarty->fetch() /Applications/nginxstack-1.14.2-3/nginx/html/monitoreo/user/pruebas/pruebas.php:33
[26-Sep-2019 10:11:07 America/Los_Angeles] PHP   3. Smarty->_execute() /Applications/nginxstack-1.14.2-3/nginx/html/monitoreo/lib/Smarty/sysplugins/smarty_internal_templatebase.php:116
[26-Sep-2019 10:11:07 America/Los_Angeles] PHP   4. Smarty_Internal_Template->render() /Applications/nginxstack-1.14.2-3/nginx/html/monitoreo/lib/Smarty/sysplugins/smarty_internal_templatebase.php:232
[26-Sep-2019 10:11:07 America/Los_Angeles] PHP   5. Smarty_Template_Compiled->render() /Applications/nginxstack-1.14.2-3/nginx/html/monitoreo/lib/Smarty/sysplugins/smarty_internal_template.php:216
[26-Sep-2019 10:11:07 America/Los_Angeles] PHP   6. Smarty_Template_Compiled->getRenderedTemplateCode() /Applications/nginxstack-1.14.2-3/nginx/html/monitoreo/lib/Smarty/sysplugins/smarty_template_compiled.php:114
[26-Sep-2019 10:11:07 America/Los_Angeles] PHP   7. content_5d85048a1760a4_29905827() /Applications/nginxstack-1.14.2-3/nginx/html/monitoreo/lib/Smarty/sysplugins/smarty_template_resource_base.php:123
[26-Sep-2019 10:11:25 America/Los_Angeles] PHP Notice:  Undefined index: errores in /Applications/nginxstack-1.14.2-3/nginx/html/monitoreo/tpl/smarty/templates_c/5e7c639103c41ef2d5f043ba49d300555e8be4bf_0.file.add_prueba.tpl.php on line 40
[26-Sep-2019 10:11:25 America/Los_Angeles] PHP Stack trace:
[26-Sep-2019 10:11:25 America/Los_Angeles] PHP   1. {main}() /Applications/nginxstack-1.14.2-3/nginx/html/monitoreo/user/pruebas/addPrueba.php:0
[26-Sep-2019 10:11:25 America/Los_Angeles] PHP   2. Smarty->fetch() /Applications/nginxstack-1.14.2-3/nginx/html/monitoreo/user/pruebas/addPrueba.php:94
[26-Sep-2019 10:11:25 America/Los_Angeles] PHP   3. Smarty->_execute() /Applications/nginxstack-1.14.2-3/nginx/html/monitoreo/lib/Smarty/sysplugins/smarty_internal_templatebase.php:116
[26-Sep-2019 10:11:25 America/Los_Angeles] PHP   4. Smarty_Internal_Template->render() /Applications/nginxstack-1.14.2-3/nginx/html/monitoreo/lib/Smarty/sysplugins/smarty_internal_templatebase.php:232
[26-Sep-2019 10:11:25 America/Los_Angeles] PHP   5. Smarty_Template_Compiled->render() /Applications/nginxstack-1.14.2-3/nginx/html/monitoreo/lib/Smarty/sysplugins/smarty_internal_template.php:216
[26-Sep-2019 10:11:25 America/Los_Angeles] PHP   6. Smarty_Template_Compiled->getRenderedTemplateCode() /Applications/nginxstack-1.14.2-3/nginx/html/monitoreo/lib/Smarty/sysplugins/smarty_template_compiled.php:114
[26-Sep-2019 10:11:25 America/Los_Angeles] PHP   7. content_5d84cdfdda8b66_44966489() /Applications/nginxstack-1.14.2-3/nginx/html/monitoreo/lib/Smarty/sysplugins/smarty_template_resource_base.php:123
[26-Sep-2019 10:11:25 America/Los_Angeles] PHP Notice:  Trying to get property 'value' of non-object in /Applications/nginxstack-1.14.2-3/nginx/html/monitoreo/tpl/smarty/templates_c/5e7c639103c41ef2d5f043ba49d300555e8be4bf_0.file.add_prueba.tpl.php on line 40
[26-Sep-2019 10:11:25 America/Los_Angeles] PHP Stack trace:
[26-Sep-2019 10:11:25 America/Los_Angeles] PHP   1. {main}() /Applications/nginxstack-1.14.2-3/nginx/html/monitoreo/user/pruebas/addPrueba.php:0
[26-Sep-2019 10:11:25 America/Los_Angeles] PHP   2. Smarty->fetch() /Applications/nginxstack-1.14.2-3/nginx/html/monitoreo/user/pruebas/addPrueba.php:94
[26-Sep-2019 10:11:25 America/Los_Angeles] PHP   3. Smarty->_execute() /Applications/nginxstack-1.14.2-3/nginx/html/monitoreo/lib/Smarty/sysplugins/smarty_internal_templatebase.php:116
[26-Sep-2019 10:11:25 America/Los_Angeles] PHP   4. Smarty_Internal_Template->render() /Applications/nginxstack-1.14.2-3/nginx/html/monitoreo/lib/Smarty/sysplugins/smarty_internal_templatebase.php:232
[26-Sep-2019 10:11:25 America/Los_Angeles] PHP   5. Smarty_Template_Compiled->render() /Applications/nginxstack-1.14.2-3/nginx/html/monitoreo/lib/Smarty/sysplugins/smarty_internal_template.php:216
[26-Sep-2019 10:11:25 America/Los_Angeles] PHP   6. Smarty_Template_Compiled->getRenderedTemplateCode() /Applications/nginxstack-1.14.2-3/nginx/html/monitoreo/lib/Smarty/sysplugins/smarty_template_compiled.php:114
[26-Sep-2019 10:11:25 America/Los_Angeles] PHP   7. content_5d84cdfdda8b66_44966489() /Applications/nginxstack-1.14.2-3/nginx/html/monitoreo/lib/Smarty/sysplugins/smarty_template_resource_base.php:123
[26-Sep-2019 10:11:25 America/Los_Angeles] PHP Notice:  Undefined index: id_cedula_persona_receptora in /Applications/nginxstack-1.14.2-3/nginx/html/monitoreo/tpl/smarty/templates_c/5e7c639103c41ef2d5f043ba49d300555e8be4bf_0.file.add_prueba.tpl.php on line 74
[26-Sep-2019 10:11:25 America/Los_Angeles] PHP Stack trace:
[26-Sep-2019 10:11:25 America/Los_Angeles] PHP   1. {main}() /Applications/nginxstack-1.14.2-3/nginx/html/monitoreo/user/pruebas/addPrueba.php:0
[26-Sep-2019 10:11:25 America/Los_Angeles] PHP   2. Smarty->fetch() /Applications/nginxstack-1.14.2-3/nginx/html/monitoreo/user/pruebas/addPrueba.php:94
[26-Sep-2019 10:11:25 America/Los_Angeles] PHP   3. Smarty->_execute() /Applications/nginxstack-1.14.2-3/nginx/html/monitoreo/lib/Smarty/sysplugins/smarty_internal_templatebase.php:116
[26-Sep-2019 10:11:25 America/Los_Angeles] PHP   4. Smarty_Internal_Template->render() /Applications/nginxstack-1.14.2-3/nginx/html/monitoreo/lib/Smarty/sysplugins/smarty_internal_templatebase.php:232
[26-Sep-2019 10:11:25 America/Los_Angeles] PHP   5. Smarty_Template_Compiled->render() /Applications/nginxstack-1.14.2-3/nginx/html/monitoreo/lib/Smarty/sysplugins/smarty_internal_template.php:216
[26-Sep-2019 10:11:25 America/Los_Angeles] PHP   6. Smarty_Template_Compiled->getRenderedTemplateCode() /Applications/nginxstack-1.14.2-3/nginx/html/monitoreo/lib/Smarty/sysplugins/smarty_template_compiled.php:114
[26-Sep-2019 10:11:25 America/Los_Angeles] PHP   7. content_5d84cdfdda8b66_44966489() /Applications/nginxstack-1.14.2-3/nginx/html/monitoreo/lib/Smarty/sysplugins/smarty_template_resource_base.php:123
[26-Sep-2019 10:11:25 America/Los_Angeles] PHP Notice:  Trying to get property 'value' of non-object in /Applications/nginxstack-1.14.2-3/nginx/html/monitoreo/tpl/smarty/templates_c/5e7c639103c41ef2d5f043ba49d300555e8be4bf_0.file.add_prueba.tpl.php on line 74
[26-Sep-2019 10:11:25 America/Los_Angeles] PHP Stack trace:
[26-Sep-2019 10:11:25 America/Los_Angeles] PHP   1. {main}() /Applications/nginxstack-1.14.2-3/nginx/html/monitoreo/user/pruebas/addPrueba.php:0
[26-Sep-2019 10:11:25 America/Los_Angeles] PHP   2. Smarty->fetch() /Applications/nginxstack-1.14.2-3/nginx/html/monitoreo/user/pruebas/addPrueba.php:94
[26-Sep-2019 10:11:25 America/Los_Angeles] PHP   3. Smarty->_execute() /Applications/nginxstack-1.14.2-3/nginx/html/monitoreo/lib/Smarty/sysplugins/smarty_internal_templatebase.php:116
[26-Sep-2019 10:11:25 America/Los_Angeles] PHP   4. Smarty_Internal_Template->render() /Applications/nginxstack-1.14.2-3/nginx/html/monitoreo/lib/Smarty/sysplugins/smarty_internal_templatebase.php:232
[26-Sep-2019 10:11:25 America/Los_Angeles] PHP   5. Smarty_Template_Compiled->render() /Applications/nginxstack-1.14.2-3/nginx/html/monitoreo/lib/Smarty/sysplugins/smarty_internal_template.php:216
[26-Sep-2019 10:11:25 America/Los_Angeles] PHP   6. Smarty_Template_Compiled->getRenderedTemplateCode() /Applications/nginxstack-1.14.2-3/nginx/html/monitoreo/lib/Smarty/sysplugins/smarty_template_compiled.php:114
[26-Sep-2019 10:11:25 America/Los_Angeles] PHP   7. content_5d84cdfdda8b66_44966489() /Applications/nginxstack-1.14.2-3/nginx/html/monitoreo/lib/Smarty/sysplugins/smarty_template_resource_base.php:123
[26-Sep-2019 10:11:25 America/Los_Angeles] PHP Notice:  Undefined index: id_cedula_persona_receptora_buscada in /Applications/nginxstack-1.14.2-3/nginx/html/monitoreo/tpl/smarty/templates_c/5e7c639103c41ef2d5f043ba49d300555e8be4bf_0.file.add_prueba.tpl.php on line 77
[26-Sep-2019 10:11:25 America/Los_Angeles] PHP Stack trace:
[26-Sep-2019 10:11:25 America/Los_Angeles] PHP   1. {main}() /Applications/nginxstack-1.14.2-3/nginx/html/monitoreo/user/pruebas/addPrueba.php:0
[26-Sep-2019 10:11:25 America/Los_Angeles] PHP   2. Smarty->fetch() /Applications/nginxstack-1.14.2-3/nginx/html/monitoreo/user/pruebas/addPrueba.php:94
[26-Sep-2019 10:11:25 America/Los_Angeles] PHP   3. Smarty->_execute() /Applications/nginxstack-1.14.2-3/nginx/html/monitoreo/lib/Smarty/sysplugins/smarty_internal_templatebase.php:116
[26-Sep-2019 10:11:25 America/Los_Angeles] PHP   4. Smarty_Internal_Template->render() /Applications/nginxstack-1.14.2-3/nginx/html/monitoreo/lib/Smarty/sysplugins/smarty_internal_templatebase.php:232
[26-Sep-2019 10:11:25 America/Los_Angeles] PHP   5. Smarty_Template_Compiled->render() /Applications/nginxstack-1.14.2-3/nginx/html/monitoreo/lib/Smarty/sysplugins/smarty_internal_template.php:216
[26-Sep-2019 10:11:25 America/Los_Angeles] PHP   6. Smarty_Template_Compiled->getRenderedTemplateCode() /Applications/nginxstack-1.14.2-3/nginx/html/monitoreo/lib/Smarty/sysplugins/smarty_template_compiled.php:114
[26-Sep-2019 10:11:25 America/Los_Angeles] PHP   7. content_5d84cdfdda8b66_44966489() /Applications/nginxstack-1.14.2-3/nginx/html/monitoreo/lib/Smarty/sysplugins/smarty_template_resource_base.php:123
[26-Sep-2019 10:11:25 America/Los_Angeles] PHP Notice:  Trying to get property 'value' of non-object in /Applications/nginxstack-1.14.2-3/nginx/html/monitoreo/tpl/smarty/templates_c/5e7c639103c41ef2d5f043ba49d300555e8be4bf_0.file.add_prueba.tpl.php on line 77
[26-Sep-2019 10:11:25 America/Los_Angeles] PHP Stack trace:
[26-Sep-2019 10:11:25 America/Los_Angeles] PHP   1. {main}() /Applications/nginxstack-1.14.2-3/nginx/html/monitoreo/user/pruebas/addPrueba.php:0
[26-Sep-2019 10:11:25 America/Los_Angeles] PHP   2. Smarty->fetch() /Applications/nginxstack-1.14.2-3/nginx/html/monitoreo/user/pruebas/addPrueba.php:94
[26-Sep-2019 10:11:25 America/Los_Angeles] PHP   3. Smarty->_execute() /Applications/nginxstack-1.14.2-3/nginx/html/monitoreo/lib/Smarty/sysplugins/smarty_internal_templatebase.php:116
[26-Sep-2019 10:11:25 America/Los_Angeles] PHP   4. Smarty_Internal_Template->render() /Applications/nginxstack-1.14.2-3/nginx/html/monitoreo/lib/Smarty/sysplugins/smarty_internal_templatebase.php:232
[26-Sep-2019 10:11:25 America/Los_Angeles] PHP   5. Smarty_Template_Compiled->render() /Applications/nginxstack-1.14.2-3/nginx/html/monitoreo/lib/Smarty/sysplugins/smarty_internal_template.php:216
[26-Sep-2019 10:11:25 America/Los_Angeles] PHP   6. Smarty_Template_Compiled->getRenderedTemplateCode() /Applications/nginxstack-1.14.2-3/nginx/html/monitoreo/lib/Smarty/sysplugins/smarty_template_compiled.php:114
[26-Sep-2019 10:11:25 America/Los_Angeles] PHP   7. content_5d84cdfdda8b66_44966489() /Applications/nginxstack-1.14.2-3/nginx/html/monitoreo/lib/Smarty/sysplugins/smarty_template_resource_base.php:123
[26-Sep-2019 10:11:25 America/Los_Angeles] PHP Notice:  Undefined index: id_persona_receptora in /Applications/nginxstack-1.14.2-3/nginx/html/monitoreo/tpl/smarty/templates_c/5e7c639103c41ef2d5f043ba49d300555e8be4bf_0.file.add_prueba.tpl.php on line 84
[26-Sep-2019 10:11:25 America/Los_Angeles] PHP Stack trace:
[26-Sep-2019 10:11:25 America/Los_Angeles] PHP   1. {main}() /Applications/nginxstack-1.14.2-3/nginx/html/monitoreo/user/pruebas/addPrueba.php:0
[26-Sep-2019 10:11:25 America/Los_Angeles] PHP   2. Smarty->fetch() /Applications/nginxstack-1.14.2-3/nginx/html/monitoreo/user/pruebas/addPrueba.php:94
[26-Sep-2019 10:11:25 America/Los_Angeles] PHP   3. Smarty->_execute() /Applications/nginxstack-1.14.2-3/nginx/html/monitoreo/lib/Smarty/sysplugins/smarty_internal_templatebase.php:116
[26-Sep-2019 10:11:25 America/Los_Angeles] PHP   4. Smarty_Internal_Template->render() /Applications/nginxstack-1.14.2-3/nginx/html/monitoreo/lib/Smarty/sysplugins/smarty_internal_templatebase.php:232
[26-Sep-2019 10:11:25 America/Los_Angeles] PHP   5. Smarty_Template_Compiled->render() /Applications/nginxstack-1.14.2-3/nginx/html/monitoreo/lib/Smarty/sysplugins/smarty_internal_template.php:216
[26-Sep-2019 10:11:25 America/Los_Angeles] PHP   6. Smarty_Template_Compiled->getRenderedTemplateCode() /Applications/nginxstack-1.14.2-3/nginx/html/monitoreo/lib/Smarty/sysplugins/smarty_template_compiled.php:114
[26-Sep-2019 10:11:25 America/Los_Angeles] PHP   7. content_5d84cdfdda8b66_44966489() /Applications/nginxstack-1.14.2-3/nginx/html/monitoreo/lib/Smarty/sysplugins/smarty_template_resource_base.php:123
[26-Sep-2019 10:11:25 America/Los_Angeles] PHP Notice:  Trying to get property 'value' of non-object in /Applications/nginxstack-1.14.2-3/nginx/html/monitoreo/tpl/smarty/templates_c/5e7c639103c41ef2d5f043ba49d300555e8be4bf_0.file.add_prueba.tpl.php on line 84
[26-Sep-2019 10:11:25 America/Los_Angeles] PHP Stack trace:
[26-Sep-2019 10:11:25 America/Los_Angeles] PHP   1. {main}() /Applications/nginxstack-1.14.2-3/nginx/html/monitoreo/user/pruebas/addPrueba.php:0
[26-Sep-2019 10:11:25 America/Los_Angeles] PHP   2. Smarty->fetch() /Applications/nginxstack-1.14.2-3/nginx/html/monitoreo/user/pruebas/addPrueba.php:94
[26-Sep-2019 10:11:25 America/Los_Angeles] PHP   3. Smarty->_execute() /Applications/nginxstack-1.14.2-3/nginx/html/monitoreo/lib/Smarty/sysplugins/smarty_internal_templatebase.php:116
[26-Sep-2019 10:11:25 America/Los_Angeles] PHP   4. Smarty_Internal_Template->render() /Applications/nginxstack-1.14.2-3/nginx/html/monitoreo/lib/Smarty/sysplugins/smarty_internal_templatebase.php:232
[26-Sep-2019 10:11:25 America/Los_Angeles] PHP   5. Smarty_Template_Compiled->render() /Applications/nginxstack-1.14.2-3/nginx/html/monitoreo/lib/Smarty/sysplugins/smarty_internal_template.php:216
[26-Sep-2019 10:11:25 America/Los_Angeles] PHP   6. Smarty_Template_Compiled->getRenderedTemplateCode() /Applications/nginxstack-1.14.2-3/nginx/html/monitoreo/lib/Smarty/sysplugins/smarty_template_compiled.php:114
[26-Sep-2019 10:11:25 America/Los_Angeles] PHP   7. content_5d84cdfdda8b66_44966489() /Applications/nginxstack-1.14.2-3/nginx/html/monitoreo/lib/Smarty/sysplugins/smarty_template_resource_base.php:123
[26-Sep-2019 10:11:25 America/Los_Angeles] PHP Notice:  Undefined index: id_persona_receptora_buscada in /Applications/nginxstack-1.14.2-3/nginx/html/monitoreo/tpl/smarty/templates_c/5e7c639103c41ef2d5f043ba49d300555e8be4bf_0.file.add_prueba.tpl.php on line 87
[26-Sep-2019 10:11:25 America/Los_Angeles] PHP Stack trace:
[26-Sep-2019 10:11:25 America/Los_Angeles] PHP   1. {main}() /Applications/nginxstack-1.14.2-3/nginx/html/monitoreo/user/pruebas/addPrueba.php:0
[26-Sep-2019 10:11:25 America/Los_Angeles] PHP   2. Smarty->fetch() /Applications/nginxstack-1.14.2-3/nginx/html/monitoreo/user/pruebas/addPrueba.php:94
[26-Sep-2019 10:11:25 America/Los_Angeles] PHP   3. Smarty->_execute() /Applications/nginxstack-1.14.2-3/nginx/html/monitoreo/lib/Smarty/sysplugins/smarty_internal_templatebase.php:116
[26-Sep-2019 10:11:25 America/Los_Angeles] PHP   4. Smarty_Internal_Template->render() /Applications/nginxstack-1.14.2-3/nginx/html/monitoreo/lib/Smarty/sysplugins/smarty_internal_templatebase.php:232
[26-Sep-2019 10:11:25 America/Los_Angeles] PHP   5. Smarty_Template_Compiled->render() /Applications/nginxstack-1.14.2-3/nginx/html/monitoreo/lib/Smarty/sysplugins/smarty_internal_template.php:216
[26-Sep-2019 10:11:25 America/Los_Angeles] PHP   6. Smarty_Template_Compiled->getRenderedTemplateCode() /Applications/nginxstack-1.14.2-3/nginx/html/monitoreo/lib/Smarty/sysplugins/smarty_template_compiled.php:114
[26-Sep-2019 10:11:25 America/Los_Angeles] PHP   7. content_5d84cdfdda8b66_44966489() /Applications/nginxstack-1.14.2-3/nginx/html/monitoreo/lib/Smarty/sysplugins/smarty_template_resource_base.php:123
[26-Sep-2019 10:11:25 America/Los_Angeles] PHP Notice:  Trying to get property 'value' of non-object in /Applications/nginxstack-1.14.2-3/nginx/html/monitoreo/tpl/smarty/templates_c/5e7c639103c41ef2d5f043ba49d300555e8be4bf_0.file.add_prueba.tpl.php on line 87
[26-Sep-2019 10:11:25 America/Los_Angeles] PHP Stack trace:
[26-Sep-2019 10:11:25 America/Los_Angeles] PHP   1. {main}() /Applications/nginxstack-1.14.2-3/nginx/html/monitoreo/user/pruebas/addPrueba.php:0
[26-Sep-2019 10:11:25 America/Los_Angeles] PHP   2. Smarty->fetch() /Applications/nginxstack-1.14.2-3/nginx/html/monitoreo/user/pruebas/addPrueba.php:94
[26-Sep-2019 10:11:25 America/Los_Angeles] PHP   3. Smarty->_execute() /Applications/nginxstack-1.14.2-3/nginx/html/monitoreo/lib/Smarty/sysplugins/smarty_internal_templatebase.php:116
[26-Sep-2019 10:11:25 America/Los_Angeles] PHP   4. Smarty_Internal_Template->render() /Applications/nginxstack-1.14.2-3/nginx/html/monitoreo/lib/Smarty/sysplugins/smarty_internal_templatebase.php:232
[26-Sep-2019 10:11:25 America/Los_Angeles] PHP   5. Smarty_Template_Compiled->render() /Applications/nginxstack-1.14.2-3/nginx/html/monitoreo/lib/Smarty/sysplugins/smarty_internal_template.php:216
[26-Sep-2019 10:11:25 America/Los_Angeles] PHP   6. Smarty_Template_Compiled->getRenderedTemplateCode() /Applications/nginxstack-1.14.2-3/nginx/html/monitoreo/lib/Smarty/sysplugins/smarty_template_compiled.php:114
[26-Sep-2019 10:11:25 America/Los_Angeles] PHP   7. content_5d84cdfdda8b66_44966489() /Applications/nginxstack-1.14.2-3/nginx/html/monitoreo/lib/Smarty/sysplugins/smarty_template_resource_base.php:123
[26-Sep-2019 10:11:25 America/Los_Angeles] PHP Notice:  Undefined index: poblacion_originaria in /Applications/nginxstack-1.14.2-3/nginx/html/monitoreo/tpl/smarty/templates_c/5e7c639103c41ef2d5f043ba49d300555e8be4bf_0.file.add_prueba.tpl.php on line 98
[26-Sep-2019 10:11:25 America/Los_Angeles] PHP Stack trace:
[26-Sep-2019 10:11:25 America/Los_Angeles] PHP   1. {main}() /Applications/nginxstack-1.14.2-3/nginx/html/monitoreo/user/pruebas/addPrueba.php:0
[26-Sep-2019 10:11:25 America/Los_Angeles] PHP   2. Smarty->fetch() /Applications/nginxstack-1.14.2-3/nginx/html/monitoreo/user/pruebas/addPrueba.php:94
[26-Sep-2019 10:11:25 America/Los_Angeles] PHP   3. Smarty->_execute() /Applications/nginxstack-1.14.2-3/nginx/html/monitoreo/lib/Smarty/sysplugins/smarty_internal_templatebase.php:116
[26-Sep-2019 10:11:25 America/Los_Angeles] PHP   4. Smarty_Internal_Template->render() /Applications/nginxstack-1.14.2-3/nginx/html/monitoreo/lib/Smarty/sysplugins/smarty_internal_templatebase.php:232
[26-Sep-2019 10:11:25 America/Los_Angeles] PHP   5. Smarty_Template_Compiled->render() /Applications/nginxstack-1.14.2-3/nginx/html/monitoreo/lib/Smarty/sysplugins/smarty_internal_template.php:216
[26-Sep-2019 10:11:25 America/Los_Angeles] PHP   6. Smarty_Template_Compiled->getRenderedTemplateCode() /Applications/nginxstack-1.14.2-3/nginx/html/monitoreo/lib/Smarty/sysplugins/smarty_template_compiled.php:114
[26-Sep-2019 10:11:25 America/Los_Angeles] PHP   7. content_5d84cdfdda8b66_44966489() /Applications/nginxstack-1.14.2-3/nginx/html/monitoreo/lib/Smarty/sysplugins/smarty_template_resource_base.php:123
[26-Sep-2019 10:11:25 America/Los_Angeles] PHP Notice:  Trying to get property 'value' of non-object in /Applications/nginxstack-1.14.2-3/nginx/html/monitoreo/tpl/smarty/templates_c/5e7c639103c41ef2d5f043ba49d300555e8be4bf_0.file.add_prueba.tpl.php on line 98
[26-Sep-2019 10:11:25 America/Los_Angeles] PHP Stack trace:
[26-Sep-2019 10:11:25 America/Los_Angeles] PHP   1. {main}() /Applications/nginxstack-1.14.2-3/nginx/html/monitoreo/user/pruebas/addPrueba.php:0
[26-Sep-2019 10:11:25 America/Los_Angeles] PHP   2. Smarty->fetch() /Applications/nginxstack-1.14.2-3/nginx/html/monitoreo/user/pruebas/addPrueba.php:94
[26-Sep-2019 10:11:25 America/Los_Angeles] PHP   3. Smarty->_execute() /Applications/nginxstack-1.14.2-3/nginx/html/monitoreo/lib/Smarty/sysplugins/smarty_internal_templatebase.php:116
[26-Sep-2019 10:11:25 America/Los_Angeles] PHP   4. Smarty_Internal_Template->render() /Applications/nginxstack-1.14.2-3/nginx/html/monitoreo/lib/Smarty/sysplugins/smarty_internal_templatebase.php:232
[26-Sep-2019 10:11:25 America/Los_Angeles] PHP   5. Smarty_Template_Compiled->render() /Applications/nginxstack-1.14.2-3/nginx/html/monitoreo/lib/Smarty/sysplugins/smarty_internal_template.php:216
[26-Sep-2019 10:11:25 America/Los_Angeles] PHP   6. Smarty_Template_Compiled->getRenderedTemplateCode() /Applications/nginxstack-1.14.2-3/nginx/html/monitoreo/lib/Smarty/sysplugins/smarty_template_compiled.php:114
[26-Sep-2019 10:11:25 America/Los_Angeles] PHP   7. content_5d84cdfdda8b66_44966489() /Applications/nginxstack-1.14.2-3/nginx/html/monitoreo/lib/Smarty/sysplugins/smarty_template_resource_base.php:123
[26-Sep-2019 10:11:25 America/Los_Angeles] PHP Notice:  Undefined index: id_persona_receptora in /Applications/nginxstack-1.14.2-3/nginx/html/monitoreo/tpl/smarty/templates_c/5e7c639103c41ef2d5f043ba49d300555e8be4bf_0.file.add_prueba.tpl.php on line 98
[26-Sep-2019 10:11:25 America/Los_Angeles] PHP Stack trace:
[26-Sep-2019 10:11:25 America/Los_Angeles] PHP   1. {main}() /Applications/nginxstack-1.14.2-3/nginx/html/monitoreo/user/pruebas/addPrueba.php:0
[26-Sep-2019 10:11:25 America/Los_Angeles] PHP   2. Smarty->fetch() /Applications/nginxstack-1.14.2-3/nginx/html/monitoreo/user/pruebas/addPrueba.php:94
[26-Sep-2019 10:11:25 America/Los_Angeles] PHP   3. Smarty->_execute() /Applications/nginxstack-1.14.2-3/nginx/html/monitoreo/lib/Smarty/sysplugins/smarty_internal_templatebase.php:116
[26-Sep-2019 10:11:25 America/Los_Angeles] PHP   4. Smarty_Internal_Template->render() /Applications/nginxstack-1.14.2-3/nginx/html/monitoreo/lib/Smarty/sysplugins/smarty_internal_templatebase.php:232
[26-Sep-2019 10:11:25 America/Los_Angeles] PHP   5. Smarty_Template_Compiled->render() /Applications/nginxstack-1.14.2-3/nginx/html/monitoreo/lib/Smarty/sysplugins/smarty_internal_template.php:216
[26-Sep-2019 10:11:25 America/Los_Angeles] PHP   6. Smarty_Template_Compiled->getRenderedTemplateCode() /Applications/nginxstack-1.14.2-3/nginx/html/monitoreo/lib/Smarty/sysplugins/smarty_template_compiled.php:114
[26-Sep-2019 10:11:25 America/Los_Angeles] PHP   7. content_5d84cdfdda8b66_44966489() /Applications/nginxstack-1.14.2-3/nginx/html/monitoreo/lib/Smarty/sysplugins/smarty_template_resource_base.php:123
[26-Sep-2019 10:11:25 America/Los_Angeles] PHP Notice:  Trying to get property 'value' of non-object in /Applications/nginxstack-1.14.2-3/nginx/html/monitoreo/tpl/smarty/templates_c/5e7c639103c41ef2d5f043ba49d300555e8be4bf_0.file.add_prueba.tpl.php on line 98
[26-Sep-2019 10:11:25 America/Los_Angeles] PHP Stack trace:
[26-Sep-2019 10:11:25 America/Los_Angeles] PHP   1. {main}() /Applications/nginxstack-1.14.2-3/nginx/html/monitoreo/user/pruebas/addPrueba.php:0
[26-Sep-2019 10:11:25 America/Los_Angeles] PHP   2. Smarty->fetch() /Applications/nginxstack-1.14.2-3/nginx/html/monitoreo/user/pruebas/addPrueba.php:94
[26-Sep-2019 10:11:25 America/Los_Angeles] PHP   3. Smarty->_execute() /Applications/nginxstack-1.14.2-3/nginx/html/monitoreo/lib/Smarty/sysplugins/smarty_internal_templatebase.php:116
[26-Sep-2019 10:11:25 America/Los_Angeles] PHP   4. Smarty_Internal_Template->render() /Applications/nginxstack-1.14.2-3/nginx/html/monitoreo/lib/Smarty/sysplugins/smarty_internal_templatebase.php:232
[26-Sep-2019 10:11:25 America/Los_Angeles] PHP   5. Smarty_Template_Compiled->render() /Applications/nginxstack-1.14.2-3/nginx/html/monitoreo/lib/Smarty/sysplugins/smarty_internal_template.php:216
[26-Sep-2019 10:11:25 America/Los_Angeles] PHP   6. Smarty_Template_Compiled->getRenderedTemplateCode() /Applications/nginxstack-1.14.2-3/nginx/html/monitoreo/lib/Smarty/sysplugins/smarty_template_compiled.php:114
[26-Sep-2019 10:11:25 America/Los_Angeles] PHP   7. content_5d84cdfdda8b66_44966489() /Applications/nginxstack-1.14.2-3/nginx/html/monitoreo/lib/Smarty/sysplugins/smarty_template_resource_base.php:123
[26-Sep-2019 10:11:25 America/Los_Angeles] PHP Notice:  Undefined index: id_persona_receptora in /Applications/nginxstack-1.14.2-3/nginx/html/monitoreo/tpl/smarty/templates_c/5e7c639103c41ef2d5f043ba49d300555e8be4bf_0.file.add_prueba.tpl.php on line 101
[26-Sep-2019 10:11:25 America/Los_Angeles] PHP Stack trace:
[26-Sep-2019 10:11:25 America/Los_Angeles] PHP   1. {main}() /Applications/nginxstack-1.14.2-3/nginx/html/monitoreo/user/pruebas/addPrueba.php:0
[26-Sep-2019 10:11:25 America/Los_Angeles] PHP   2. Smarty->fetch() /Applications/nginxstack-1.14.2-3/nginx/html/monitoreo/user/pruebas/addPrueba.php:94
[26-Sep-2019 10:11:25 America/Los_Angeles] PHP   3. Smarty->_execute() /Applications/nginxstack-1.14.2-3/nginx/html/monitoreo/lib/Smarty/sysplugins/smarty_internal_templatebase.php:116
[26-Sep-2019 10:11:25 America/Los_Angeles] PHP   4. Smarty_Internal_Template->render() /Applications/nginxstack-1.14.2-3/nginx/html/monitoreo/lib/Smarty/sysplugins/smarty_internal_templatebase.php:232
[26-Sep-2019 10:11:25 America/Los_Angeles] PHP   5. Smarty_Template_Compiled->render() /Applications/nginxstack-1.14.2-3/nginx/html/monitoreo/lib/Smarty/sysplugins/smarty_internal_template.php:216
[26-Sep-2019 10:11:25 America/Los_Angeles] PHP   6. Smarty_Template_Compiled->getRenderedTemplateCode() /Applications/nginxstack-1.14.2-3/nginx/html/monitoreo/lib/Smarty/sysplugins/smarty_template_compiled.php:114
[26-Sep-2019 10:11:25 America/Los_Angeles] PHP   7. content_5d84cdfdda8b66_44966489() /Applications/nginxstack-1.14.2-3/nginx/html/monitoreo/lib/Smarty/sysplugins/smarty_template_resource_base.php:123
[26-Sep-2019 10:11:25 America/Los_Angeles] PHP Notice:  Trying to get property 'value' of non-object in /Applications/nginxstack-1.14.2-3/nginx/html/monitoreo/tpl/smarty/templates_c/5e7c639103c41ef2d5f043ba49d300555e8be4bf_0.file.add_prueba.tpl.php on line 101
[26-Sep-2019 10:11:25 America/Los_Angeles] PHP Stack trace:
[26-Sep-2019 10:11:25 America/Los_Angeles] PHP   1. {main}() /Applications/nginxstack-1.14.2-3/nginx/html/monitoreo/user/pruebas/addPrueba.php:0
[26-Sep-2019 10:11:25 America/Los_Angeles] PHP   2. Smarty->fetch() /Applications/nginxstack-1.14.2-3/nginx/html/monitoreo/user/pruebas/addPrueba.php:94
[26-Sep-2019 10:11:25 America/Los_Angeles] PHP   3. Smarty->_execute() /Applications/nginxstack-1.14.2-3/nginx/html/monitoreo/lib/Smarty/sysplugins/smarty_internal_templatebase.php:116
[26-Sep-2019 10:11:25 America/Los_Angeles] PHP   4. Smarty_Internal_Template->render() /Applications/nginxstack-1.14.2-3/nginx/html/monitoreo/lib/Smarty/sysplugins/smarty_internal_templatebase.php:232
[26-Sep-2019 10:11:25 America/Los_Angeles] PHP   5. Smarty_Template_Compiled->render() /Applications/nginxstack-1.14.2-3/nginx/html/monitoreo/lib/Smarty/sysplugins/smarty_internal_template.php:216
[26-Sep-2019 10:11:25 America/Los_Angeles] PHP   6. Smarty_Template_Compiled->getRenderedTemplateCode() /Applications/nginxstack-1.14.2-3/nginx/html/monitoreo/lib/Smarty/sysplugins/smarty_template_compiled.php:114
[26-Sep-2019 10:11:25 America/Los_Angeles] PHP   7. content_5d84cdfdda8b66_44966489() /Applications/nginxstack-1.14.2-3/nginx/html/monitoreo/lib/Smarty/sysplugins/smarty_template_resource_base.php:123
[26-Sep-2019 10:11:25 America/Los_Angeles] PHP Notice:  Undefined index: poblacion in /Applications/nginxstack-1.14.2-3/nginx/html/monitoreo/tpl/smarty/templates_c/5e7c639103c41ef2d5f043ba49d300555e8be4bf_0.file.add_prueba.tpl.php on line 102
[26-Sep-2019 10:11:25 America/Los_Angeles] PHP Stack trace:
[26-Sep-2019 10:11:25 America/Los_Angeles] PHP   1. {main}() /Applications/nginxstack-1.14.2-3/nginx/html/monitoreo/user/pruebas/addPrueba.php:0
[26-Sep-2019 10:11:25 America/Los_Angeles] PHP   2. Smarty->fetch() /Applications/nginxstack-1.14.2-3/nginx/html/monitoreo/user/pruebas/addPrueba.php:94
[26-Sep-2019 10:11:25 America/Los_Angeles] PHP   3. Smarty->_execute() /Applications/nginxstack-1.14.2-3/nginx/html/monitoreo/lib/Smarty/sysplugins/smarty_internal_templatebase.php:116
[26-Sep-2019 10:11:25 America/Los_Angeles] PHP   4. Smarty_Internal_Template->render() /Applications/nginxstack-1.14.2-3/nginx/html/monitoreo/lib/Smarty/sysplugins/smarty_internal_templatebase.php:232
[26-Sep-2019 10:11:25 America/Los_Angeles] PHP   5. Smarty_Template_Compiled->render() /Applications/nginxstack-1.14.2-3/nginx/html/monitoreo/lib/Smarty/sysplugins/smarty_internal_template.php:216
[26-Sep-2019 10:11:25 America/Los_Angeles] PHP   6. Smarty_Template_Compiled->getRenderedTemplateCode() /Applications/nginxstack-1.14.2-3/nginx/html/monitoreo/lib/Smarty/sysplugins/smarty_template_compiled.php:114
[26-Sep-2019 10:11:25 America/Los_Angeles] PHP   7. content_5d84cdfdda8b66_44966489() /Applications/nginxstack-1.14.2-3/nginx/html/monitoreo/lib/Smarty/sysplugins/smarty_template_resource_base.php:123
[26-Sep-2019 10:11:25 America/Los_Angeles] PHP Notice:  Trying to get property 'value' of non-object in /Applications/nginxstack-1.14.2-3/nginx/html/monitoreo/tpl/smarty/templates_c/5e7c639103c41ef2d5f043ba49d300555e8be4bf_0.file.add_prueba.tpl.php on line 102
[26-Sep-2019 10:11:25 America/Los_Angeles] PHP Stack trace:
[26-Sep-2019 10:11:25 America/Los_Angeles] PHP   1. {main}() /Applications/nginxstack-1.14.2-3/nginx/html/monitoreo/user/pruebas/addPrueba.php:0
[26-Sep-2019 10:11:25 America/Los_Angeles] PHP   2. Smarty->fetch() /Applications/nginxstack-1.14.2-3/nginx/html/monitoreo/user/pruebas/addPrueba.php:94
[26-Sep-2019 10:11:25 America/Los_Angeles] PHP   3. Smarty->_execute() /Applications/nginxstack-1.14.2-3/nginx/html/monitoreo/lib/Smarty/sysplugins/smarty_internal_templatebase.php:116
[26-Sep-2019 10:11:25 America/Los_Angeles] PHP   4. Smarty_Internal_Template->render() /Applications/nginxstack-1.14.2-3/nginx/html/monitoreo/lib/Smarty/sysplugins/smarty_internal_templatebase.php:232
[26-Sep-2019 10:11:25 America/Los_Angeles] PHP   5. Smarty_Template_Compiled->render() /Applications/nginxstack-1.14.2-3/nginx/html/monitoreo/lib/Smarty/sysplugins/smarty_internal_template.php:216
[26-Sep-2019 10:11:25 America/Los_Angeles] PHP   6. Smarty_Template_Compiled->getRenderedTemplateCode() /Applications/nginxstack-1.14.2-3/nginx/html/monitoreo/lib/Smarty/sysplugins/smarty_template_compiled.php:114
[26-Sep-2019 10:11:25 America/Los_Angeles] PHP   7. content_5d84cdfdda8b66_44966489() /Applications/nginxstack-1.14.2-3/nginx/html/monitoreo/lib/Smarty/sysplugins/smarty_template_resource_base.php:123
[26-Sep-2019 10:11:25 America/Los_Angeles] PHP Notice:  Undefined index: id_persona_receptora in /Applications/nginxstack-1.14.2-3/nginx/html/monitoreo/tpl/smarty/templates_c/5e7c639103c41ef2d5f043ba49d300555e8be4bf_0.file.add_prueba.tpl.php on line 107
[26-Sep-2019 10:11:25 America/Los_Angeles] PHP Stack trace:
[26-Sep-2019 10:11:25 America/Los_Angeles] PHP   1. {main}() /Applications/nginxstack-1.14.2-3/nginx/html/monitoreo/user/pruebas/addPrueba.php:0
[26-Sep-2019 10:11:25 America/Los_Angeles] PHP   2. Smarty->fetch() /Applications/nginxstack-1.14.2-3/nginx/html/monitoreo/user/pruebas/addPrueba.php:94
[26-Sep-2019 10:11:25 America/Los_Angeles] PHP   3. Smarty->_execute() /Applications/nginxstack-1.14.2-3/nginx/html/monitoreo/lib/Smarty/sysplugins/smarty_internal_templatebase.php:116
[26-Sep-2019 10:11:25 America/Los_Angeles] PHP   4. Smarty_Internal_Template->render() /Applications/nginxstack-1.14.2-3/nginx/html/monitoreo/lib/Smarty/sysplugins/smarty_internal_templatebase.php:232
[26-Sep-2019 10:11:25 America/Los_Angeles] PHP   5. Smarty_Template_Compiled->render() /Applications/nginxstack-1.14.2-3/nginx/html/monitoreo/lib/Smarty/sysplugins/smarty_internal_template.php:216
[26-Sep-2019 10:11:25 America/Los_Angeles] PHP   6. Smarty_Template_Compiled->getRenderedTemplateCode() /Applications/nginxstack-1.14.2-3/nginx/html/monitoreo/lib/Smarty/sysplugins/smarty_template_compiled.php:114
[26-Sep-2019 10:11:25 America/Los_Angeles] PHP   7. content_5d84cdfdda8b66_44966489() /Applications/nginxstack-1.14.2-3/nginx/html/monitoreo/lib/Smarty/sysplugins/smarty_template_resource_base.php:123
[26-Sep-2019 10:11:25 America/Los_Angeles] PHP Notice:  Trying to get property 'value' of non-object in /Applications/nginxstack-1.14.2-3/nginx/html/monitoreo/tpl/smarty/templates_c/5e7c639103c41ef2d5f043ba49d300555e8be4bf_0.file.add_prueba.tpl.php on line 107
[26-Sep-2019 10:11:25 America/Los_Angeles] PHP Stack trace:
[26-Sep-2019 10:11:25 America/Los_Angeles] PHP   1. {main}() /Applications/nginxstack-1.14.2-3/nginx/html/monitoreo/user/pruebas/addPrueba.php:0
[26-Sep-2019 10:11:25 America/Los_Angeles] PHP   2. Smarty->fetch() /Applications/nginxstack-1.14.2-3/nginx/html/monitoreo/user/pruebas/addPrueba.php:94
[26-Sep-2019 10:11:25 America/Los_Angeles] PHP   3. Smarty->_execute() /Applications/nginxstack-1.14.2-3/nginx/html/monitoreo/lib/Smarty/sysplugins/smarty_internal_templatebase.php:116
[26-Sep-2019 10:11:25 America/Los_Angeles] PHP   4. Smarty_Internal_Template->render() /Applications/nginxstack-1.14.2-3/nginx/html/monitoreo/lib/Smarty/sysplugins/smarty_internal_templatebase.php:232
[26-Sep-2019 10:11:25 America/Los_Angeles] PHP   5. Smarty_Template_Compiled->render() /Applications/nginxstack-1.14.2-3/nginx/html/monitoreo/lib/Smarty/sysplugins/smarty_internal_template.php:216
[26-Sep-2019 10:11:25 America/Los_Angeles] PHP   6. Smarty_Template_Compiled->getRenderedTemplateCode() /Applications/nginxstack-1.14.2-3/nginx/html/monitoreo/lib/Smarty/sysplugins/smarty_template_compiled.php:114
[26-Sep-2019 10:11:25 America/Los_Angeles] PHP   7. content_5d84cdfdda8b66_44966489() /Applications/nginxstack-1.14.2-3/nginx/html/monitoreo/lib/Smarty/sysplugins/smarty_template_resource_base.php:123
[26-Sep-2019 10:11:25 America/Los_Angeles] PHP Notice:  Undefined index: consejeria_pre_prueba in /Applications/nginxstack-1.14.2-3/nginx/html/monitoreo/tpl/smarty/templates_c/5e7c639103c41ef2d5f043ba49d300555e8be4bf_0.file.add_prueba.tpl.php on line 114
[26-Sep-2019 10:11:25 America/Los_Angeles] PHP Stack trace:
[26-Sep-2019 10:11:25 America/Los_Angeles] PHP   1. {main}() /Applications/nginxstack-1.14.2-3/nginx/html/monitoreo/user/pruebas/addPrueba.php:0
[26-Sep-2019 10:11:25 America/Los_Angeles] PHP   2. Smarty->fetch() /Applications/nginxstack-1.14.2-3/nginx/html/monitoreo/user/pruebas/addPrueba.php:94
[26-Sep-2019 10:11:25 America/Los_Angeles] PHP   3. Smarty->_execute() /Applications/nginxstack-1.14.2-3/nginx/html/monitoreo/lib/Smarty/sysplugins/smarty_internal_templatebase.php:116
[26-Sep-2019 10:11:25 America/Los_Angeles] PHP   4. Smarty_Internal_Template->render() /Applications/nginxstack-1.14.2-3/nginx/html/monitoreo/lib/Smarty/sysplugins/smarty_internal_templatebase.php:232
[26-Sep-2019 10:11:25 America/Los_Angeles] PHP   5. Smarty_Template_Compiled->render() /Applications/nginxstack-1.14.2-3/nginx/html/monitoreo/lib/Smarty/sysplugins/smarty_internal_template.php:216
[26-Sep-2019 10:11:25 America/Los_Angeles] PHP   6. Smarty_Template_Compiled->getRenderedTemplateCode() /Applications/nginxstack-1.14.2-3/nginx/html/monitoreo/lib/Smarty/sysplugins/smarty_template_compiled.php:114
[26-Sep-2019 10:11:25 America/Los_Angeles] PHP   7. content_5d84cdfdda8b66_44966489() /Applications/nginxstack-1.14.2-3/nginx/html/monitoreo/lib/Smarty/sysplugins/smarty_template_resource_base.php:123
[26-Sep-2019 10:11:25 America/Los_Angeles] PHP Notice:  Trying to get property 'value' of non-object in /Applications/nginxstack-1.14.2-3/nginx/html/monitoreo/tpl/smarty/templates_c/5e7c639103c41ef2d5f043ba49d300555e8be4bf_0.file.add_prueba.tpl.php on line 114
[26-Sep-2019 10:11:25 America/Los_Angeles] PHP Stack trace:
[26-Sep-2019 10:11:25 America/Los_Angeles] PHP   1. {main}() /Applications/nginxstack-1.14.2-3/nginx/html/monitoreo/user/pruebas/addPrueba.php:0
[26-Sep-2019 10:11:25 America/Los_Angeles] PHP   2. Smarty->fetch() /Applications/nginxstack-1.14.2-3/nginx/html/monitoreo/user/pruebas/addPrueba.php:94
[26-Sep-2019 10:11:25 America/Los_Angeles] PHP   3. Smarty->_execute() /Applications/nginxstack-1.14.2-3/nginx/html/monitoreo/lib/Smarty/sysplugins/smarty_internal_templatebase.php:116
[26-Sep-2019 10:11:25 America/Los_Angeles] PHP   4. Smarty_Internal_Template->render() /Applications/nginxstack-1.14.2-3/nginx/html/monitoreo/lib/Smarty/sysplugins/smarty_internal_templatebase.php:232
[26-Sep-2019 10:11:25 America/Los_Angeles] PHP   5. Smarty_Template_Compiled->render() /Applications/nginxstack-1.14.2-3/nginx/html/monitoreo/lib/Smarty/sysplugins/smarty_internal_template.php:216
[26-Sep-2019 10:11:25 America/Los_Angeles] PHP   6. Smarty_Template_Compiled->getRenderedTemplateCode() /Applications/nginxstack-1.14.2-3/nginx/html/monitoreo/lib/Smarty/sysplugins/smarty_template_compiled.php:114
[26-Sep-2019 10:11:25 America/Los_Angeles] PHP   7. content_5d84cdfdda8b66_44966489() /Applications/nginxstack-1.14.2-3/nginx/html/monitoreo/lib/Smarty/sysplugins/smarty_template_resource_base.php:123
[26-Sep-2019 10:11:25 America/Los_Angeles] PHP Notice:  Undefined index: consejeria_post_prueba in /Applications/nginxstack-1.14.2-3/nginx/html/monitoreo/tpl/smarty/templates_c/5e7c639103c41ef2d5f043ba49d300555e8be4bf_0.file.add_prueba.tpl.php on line 118
[26-Sep-2019 10:11:25 America/Los_Angeles] PHP Stack trace:
[26-Sep-2019 10:11:25 America/Los_Angeles] PHP   1. {main}() /Applications/nginxstack-1.14.2-3/nginx/html/monitoreo/user/pruebas/addPrueba.php:0
[26-Sep-2019 10:11:25 America/Los_Angeles] PHP   2. Smarty->fetch() /Applications/nginxstack-1.14.2-3/nginx/html/monitoreo/user/pruebas/addPrueba.php:94
[26-Sep-2019 10:11:25 America/Los_Angeles] PHP   3. Smarty->_execute() /Applications/nginxstack-1.14.2-3/nginx/html/monitoreo/lib/Smarty/sysplugins/smarty_internal_templatebase.php:116
[26-Sep-2019 10:11:25 America/Los_Angeles] PHP   4. Smarty_Internal_Template->render() /Applications/nginxstack-1.14.2-3/nginx/html/monitoreo/lib/Smarty/sysplugins/smarty_internal_templatebase.php:232
[26-Sep-2019 10:11:25 America/Los_Angeles] PHP   5. Smarty_Template_Compiled->render() /Applications/nginxstack-1.14.2-3/nginx/html/monitoreo/lib/Smarty/sysplugins/smarty_internal_template.php:216
[26-Sep-2019 10:11:25 America/Los_Angeles] PHP   6. Smarty_Template_Compiled->getRenderedTemplateCode() /Applications/nginxstack-1.14.2-3/nginx/html/monitoreo/lib/Smarty/sysplugins/smarty_template_compiled.php:114
[26-Sep-2019 10:11:25 America/Los_Angeles] PHP   7. content_5d84cdfdda8b66_44966489() /Applications/nginxstack-1.14.2-3/nginx/html/monitoreo/lib/Smarty/sysplugins/smarty_template_resource_base.php:123
[26-Sep-2019 10:11:25 America/Los_Angeles] PHP Notice:  Trying to get property 'value' of non-object in /Applications/nginxstack-1.14.2-3/nginx/html/monitoreo/tpl/smarty/templates_c/5e7c639103c41ef2d5f043ba49d300555e8be4bf_0.file.add_prueba.tpl.php on line 118
[26-Sep-2019 10:11:25 America/Los_Angeles] PHP Stack trace:
[26-Sep-2019 10:11:25 America/Los_Angeles] PHP   1. {main}() /Applications/nginxstack-1.14.2-3/nginx/html/monitoreo/user/pruebas/addPrueba.php:0
[26-Sep-2019 10:11:25 America/Los_Angeles] PHP   2. Smarty->fetch() /Applications/nginxstack-1.14.2-3/nginx/html/monitoreo/user/pruebas/addPrueba.php:94
[26-Sep-2019 10:11:25 America/Los_Angeles] PHP   3. Smarty->_execute() /Applications/nginxstack-1.14.2-3/nginx/html/monitoreo/lib/Smarty/sysplugins/smarty_internal_templatebase.php:116
[26-Sep-2019 10:11:25 America/Los_Angeles] PHP   4. Smarty_Internal_Template->render() /Applications/nginxstack-1.14.2-3/nginx/html/monitoreo/lib/Smarty/sysplugins/smarty_internal_templatebase.php:232
[26-Sep-2019 10:11:25 America/Los_Angeles] PHP   5. Smarty_Template_Compiled->render() /Applications/nginxstack-1.14.2-3/nginx/html/monitoreo/lib/Smarty/sysplugins/smarty_internal_template.php:216
[26-Sep-2019 10:11:25 America/Los_Angeles] PHP   6. Smarty_Template_Compiled->getRenderedTemplateCode() /Applications/nginxstack-1.14.2-3/nginx/html/monitoreo/lib/Smarty/sysplugins/smarty_template_compiled.php:114
[26-Sep-2019 10:11:25 America/Los_Angeles] PHP   7. content_5d84cdfdda8b66_44966489() /Applications/nginxstack-1.14.2-3/nginx/html/monitoreo/lib/Smarty/sysplugins/smarty_template_resource_base.php:123
[26-Sep-2019 10:11:25 America/Los_Angeles] PHP Notice:  Undefined index: id_persona_receptora in /Applications/nginxstack-1.14.2-3/nginx/html/monitoreo/tpl/smarty/templates_c/5e7c639103c41ef2d5f043ba49d300555e8be4bf_0.file.add_prueba.tpl.php on line 121
[26-Sep-2019 10:11:25 America/Los_Angeles] PHP Stack trace:
[26-Sep-2019 10:11:25 America/Los_Angeles] PHP   1. {main}() /Applications/nginxstack-1.14.2-3/nginx/html/monitoreo/user/pruebas/addPrueba.php:0
[26-Sep-2019 10:11:25 America/Los_Angeles] PHP   2. Smarty->fetch() /Applications/nginxstack-1.14.2-3/nginx/html/monitoreo/user/pruebas/addPrueba.php:94
[26-Sep-2019 10:11:25 America/Los_Angeles] PHP   3. Smarty->_execute() /Applications/nginxstack-1.14.2-3/nginx/html/monitoreo/lib/Smarty/sysplugins/smarty_internal_templatebase.php:116
[26-Sep-2019 10:11:25 America/Los_Angeles] PHP   4. Smarty_Internal_Template->render() /Applications/nginxstack-1.14.2-3/nginx/html/monitoreo/lib/Smarty/sysplugins/smarty_internal_templatebase.php:232
[26-Sep-2019 10:11:25 America/Los_Angeles] PHP   5. Smarty_Template_Compiled->render() /Applications/nginxstack-1.14.2-3/nginx/html/monitoreo/lib/Smarty/sysplugins/smarty_internal_template.php:216
[26-Sep-2019 10:11:25 America/Los_Angeles] PHP   6. Smarty_Template_Compiled->getRenderedTemplateCode() /Applications/nginxstack-1.14.2-3/nginx/html/monitoreo/lib/Smarty/sysplugins/smarty_template_compiled.php:114
[26-Sep-2019 10:11:25 America/Los_Angeles] PHP   7. content_5d84cdfdda8b66_44966489() /Applications/nginxstack-1.14.2-3/nginx/html/monitoreo/lib/Smarty/sysplugins/smarty_template_resource_base.php:123
[26-Sep-2019 10:11:25 America/Los_Angeles] PHP Notice:  Trying to get property 'value' of non-object in /Applications/nginxstack-1.14.2-3/nginx/html/monitoreo/tpl/smarty/templates_c/5e7c639103c41ef2d5f043ba49d300555e8be4bf_0.file.add_prueba.tpl.php on line 121
[26-Sep-2019 10:11:25 America/Los_Angeles] PHP Stack trace:
[26-Sep-2019 10:11:25 America/Los_Angeles] PHP   1. {main}() /Applications/nginxstack-1.14.2-3/nginx/html/monitoreo/user/pruebas/addPrueba.php:0
[26-Sep-2019 10:11:25 America/Los_Angeles] PHP   2. Smarty->fetch() /Applications/nginxstack-1.14.2-3/nginx/html/monitoreo/user/pruebas/addPrueba.php:94
[26-Sep-2019 10:11:25 America/Los_Angeles] PHP   3. Smarty->_execute() /Applications/nginxstack-1.14.2-3/nginx/html/monitoreo/lib/Smarty/sysplugins/smarty_internal_templatebase.php:116
[26-Sep-2019 10:11:25 America/Los_Angeles] PHP   4. Smarty_Internal_Template->render() /Applications/nginxstack-1.14.2-3/nginx/html/monitoreo/lib/Smarty/sysplugins/smarty_internal_templatebase.php:232
[26-Sep-2019 10:11:25 America/Los_Angeles] PHP   5. Smarty_Template_Compiled->render() /Applications/nginxstack-1.14.2-3/nginx/html/monitoreo/lib/Smarty/sysplugins/smarty_internal_template.php:216
[26-Sep-2019 10:11:25 America/Los_Angeles] PHP   6. Smarty_Template_Compiled->getRenderedTemplateCode() /Applications/nginxstack-1.14.2-3/nginx/html/monitoreo/lib/Smarty/sysplugins/smarty_template_compiled.php:114
[26-Sep-2019 10:11:25 America/Los_Angeles] PHP   7. content_5d84cdfdda8b66_44966489() /Applications/nginxstack-1.14.2-3/nginx/html/monitoreo/lib/Smarty/sysplugins/smarty_template_resource_base.php:123
[26-Sep-2019 10:11:25 America/Los_Angeles] PHP Notice:  Undefined index: resultado_prueba in /Applications/nginxstack-1.14.2-3/nginx/html/monitoreo/tpl/smarty/templates_c/5e7c639103c41ef2d5f043ba49d300555e8be4bf_0.file.add_prueba.tpl.php on line 122
[26-Sep-2019 10:11:25 America/Los_Angeles] PHP Stack trace:
[26-Sep-2019 10:11:25 America/Los_Angeles] PHP   1. {main}() /Applications/nginxstack-1.14.2-3/nginx/html/monitoreo/user/pruebas/addPrueba.php:0
[26-Sep-2019 10:11:25 America/Los_Angeles] PHP   2. Smarty->fetch() /Applications/nginxstack-1.14.2-3/nginx/html/monitoreo/user/pruebas/addPrueba.php:94
[26-Sep-2019 10:11:25 America/Los_Angeles] PHP   3. Smarty->_execute() /Applications/nginxstack-1.14.2-3/nginx/html/monitoreo/lib/Smarty/sysplugins/smarty_internal_templatebase.php:116
[26-Sep-2019 10:11:25 America/Los_Angeles] PHP   4. Smarty_Internal_Template->render() /Applications/nginxstack-1.14.2-3/nginx/html/monitoreo/lib/Smarty/sysplugins/smarty_internal_templatebase.php:232
[26-Sep-2019 10:11:25 America/Los_Angeles] PHP   5. Smarty_Template_Compiled->render() /Applications/nginxstack-1.14.2-3/nginx/html/monitoreo/lib/Smarty/sysplugins/smarty_internal_template.php:216
[26-Sep-2019 10:11:25 America/Los_Angeles] PHP   6. Smarty_Template_Compiled->getRenderedTemplateCode() /Applications/nginxstack-1.14.2-3/nginx/html/monitoreo/lib/Smarty/sysplugins/smarty_template_compiled.php:114
[26-Sep-2019 10:11:25 America/Los_Angeles] PHP   7. content_5d84cdfdda8b66_44966489() /Applications/nginxstack-1.14.2-3/nginx/html/monitoreo/lib/Smarty/sysplugins/smarty_template_resource_base.php:123
[26-Sep-2019 10:11:25 America/Los_Angeles] PHP Notice:  Trying to get property 'value' of non-object in /Applications/nginxstack-1.14.2-3/nginx/html/monitoreo/tpl/smarty/templates_c/5e7c639103c41ef2d5f043ba49d300555e8be4bf_0.file.add_prueba.tpl.php on line 122
[26-Sep-2019 10:11:25 America/Los_Angeles] PHP Stack trace:
[26-Sep-2019 10:11:25 America/Los_Angeles] PHP   1. {main}() /Applications/nginxstack-1.14.2-3/nginx/html/monitoreo/user/pruebas/addPrueba.php:0
[26-Sep-2019 10:11:25 America/Los_Angeles] PHP   2. Smarty->fetch() /Applications/nginxstack-1.14.2-3/nginx/html/monitoreo/user/pruebas/addPrueba.php:94
[26-Sep-2019 10:11:25 America/Los_Angeles] PHP   3. Smarty->_execute() /Applications/nginxstack-1.14.2-3/nginx/html/monitoreo/lib/Smarty/sysplugins/smarty_internal_templatebase.php:116
[26-Sep-2019 10:11:25 America/Los_Angeles] PHP   4. Smarty_Internal_Template->render() /Applications/nginxstack-1.14.2-3/nginx/html/monitoreo/lib/Smarty/sysplugins/smarty_internal_templatebase.php:232
[26-Sep-2019 10:11:25 America/Los_Angeles] PHP   5. Smarty_Template_Compiled->render() /Applications/nginxstack-1.14.2-3/nginx/html/monitoreo/lib/Smarty/sysplugins/smarty_internal_template.php:216
[26-Sep-2019 10:11:25 America/Los_Angeles] PHP   6. Smarty_Template_Compiled->getRenderedTemplateCode() /Applications/nginxstack-1.14.2-3/nginx/html/monitoreo/lib/Smarty/sysplugins/smarty_template_compiled.php:114
[26-Sep-2019 10:11:25 America/Los_Angeles] PHP   7. content_5d84cdfdda8b66_44966489() /Applications/nginxstack-1.14.2-3/nginx/html/monitoreo/lib/Smarty/sysplugins/smarty_template_resource_base.php:123
[26-Sep-2019 10:11:25 America/Los_Angeles] PHP Notice:  Undefined variable: header in /Applications/nginxstack-1.14.2-3/nginx/html/monitoreo/footer.php on line 6
[26-Sep-2019 10:11:25 America/Los_Angeles] PHP Stack trace:
[26-Sep-2019 10:11:25 America/Los_Angeles] PHP   1. {main}() /Applications/nginxstack-1.14.2-3/nginx/html/monitoreo/user/pruebas/addPrueba.php:0
[26-Sep-2019 10:11:25 America/Los_Angeles] PHP   2. require_once() /Applications/nginxstack-1.14.2-3/nginx/html/monitoreo/user/pruebas/addPrueba.php:100
[26-Sep-2019 10:11:28 America/Los_Angeles] PHP Notice:  Undefined index: exito_mensaje in /Applications/nginxstack-1.14.2-3/nginx/html/monitoreo/user/pruebas/pruebas.php on line 12
[26-Sep-2019 10:11:28 America/Los_Angeles] PHP Stack trace:
[26-Sep-2019 10:11:28 America/Los_Angeles] PHP   1. {main}() /Applications/nginxstack-1.14.2-3/nginx/html/monitoreo/user/pruebas/pruebas.php:0
[26-Sep-2019 10:11:28 America/Los_Angeles] PHP Notice:  Undefined index: error in /Applications/nginxstack-1.14.2-3/nginx/html/monitoreo/user/pruebas/pruebas.php on line 24
[26-Sep-2019 10:11:28 America/Los_Angeles] PHP Stack trace:
[26-Sep-2019 10:11:28 America/Los_Angeles] PHP   1. {main}() /Applications/nginxstack-1.14.2-3/nginx/html/monitoreo/user/pruebas/pruebas.php:0
[26-Sep-2019 10:11:28 America/Los_Angeles] PHP Notice:  Undefined index: error in /Applications/nginxstack-1.14.2-3/nginx/html/monitoreo/tpl/smarty/templates_c/c53b1684a33c6fe58cf6b515a22b5dcf07ad6002_0.file.pruebas.tpl.php on line 38
[26-Sep-2019 10:11:28 America/Los_Angeles] PHP Stack trace:
[26-Sep-2019 10:11:28 America/Los_Angeles] PHP   1. {main}() /Applications/nginxstack-1.14.2-3/nginx/html/monitoreo/user/pruebas/pruebas.php:0
[26-Sep-2019 10:11:28 America/Los_Angeles] PHP   2. Smarty->fetch() /Applications/nginxstack-1.14.2-3/nginx/html/monitoreo/user/pruebas/pruebas.php:33
[26-Sep-2019 10:11:28 America/Los_Angeles] PHP   3. Smarty->_execute() /Applications/nginxstack-1.14.2-3/nginx/html/monitoreo/lib/Smarty/sysplugins/smarty_internal_templatebase.php:116
[26-Sep-2019 10:11:28 America/Los_Angeles] PHP   4. Smarty_Internal_Template->render() /Applications/nginxstack-1.14.2-3/nginx/html/monitoreo/lib/Smarty/sysplugins/smarty_internal_templatebase.php:232
[26-Sep-2019 10:11:28 America/Los_Angeles] PHP   5. Smarty_Template_Compiled->render() /Applications/nginxstack-1.14.2-3/nginx/html/monitoreo/lib/Smarty/sysplugins/smarty_internal_template.php:216
[26-Sep-2019 10:11:28 America/Los_Angeles] PHP   6. Smarty_Template_Compiled->getRenderedTemplateCode() /Applications/nginxstack-1.14.2-3/nginx/html/monitoreo/lib/Smarty/sysplugins/smarty_template_compiled.php:114
[26-Sep-2019 10:11:28 America/Los_Angeles] PHP   7. content_5d85048a1760a4_29905827() /Applications/nginxstack-1.14.2-3/nginx/html/monitoreo/lib/Smarty/sysplugins/smarty_template_resource_base.php:123
[26-Sep-2019 10:11:28 America/Los_Angeles] PHP Notice:  Trying to get property 'value' of non-object in /Applications/nginxstack-1.14.2-3/nginx/html/monitoreo/tpl/smarty/templates_c/c53b1684a33c6fe58cf6b515a22b5dcf07ad6002_0.file.pruebas.tpl.php on line 38
[26-Sep-2019 10:11:28 America/Los_Angeles] PHP Stack trace:
[26-Sep-2019 10:11:28 America/Los_Angeles] PHP   1. {main}() /Applications/nginxstack-1.14.2-3/nginx/html/monitoreo/user/pruebas/pruebas.php:0
[26-Sep-2019 10:11:28 America/Los_Angeles] PHP   2. Smarty->fetch() /Applications/nginxstack-1.14.2-3/nginx/html/monitoreo/user/pruebas/pruebas.php:33
[26-Sep-2019 10:11:28 America/Los_Angeles] PHP   3. Smarty->_execute() /Applications/nginxstack-1.14.2-3/nginx/html/monitoreo/lib/Smarty/sysplugins/smarty_internal_templatebase.php:116
[26-Sep-2019 10:11:28 America/Los_Angeles] PHP   4. Smarty_Internal_Template->render() /Applications/nginxstack-1.14.2-3/nginx/html/monitoreo/lib/Smarty/sysplugins/smarty_internal_templatebase.php:232
[26-Sep-2019 10:11:28 America/Los_Angeles] PHP   5. Smarty_Template_Compiled->render() /Applications/nginxstack-1.14.2-3/nginx/html/monitoreo/lib/Smarty/sysplugins/smarty_internal_template.php:216
[26-Sep-2019 10:11:28 America/Los_Angeles] PHP   6. Smarty_Template_Compiled->getRenderedTemplateCode() /Applications/nginxstack-1.14.2-3/nginx/html/monitoreo/lib/Smarty/sysplugins/smarty_template_compiled.php:114
[26-Sep-2019 10:11:28 America/Los_Angeles] PHP   7. content_5d85048a1760a4_29905827() /Applications/nginxstack-1.14.2-3/nginx/html/monitoreo/lib/Smarty/sysplugins/smarty_template_resource_base.php:123
[26-Sep-2019 10:11:28 America/Los_Angeles] PHP Notice:  Undefined index: exito_titulo in /Applications/nginxstack-1.14.2-3/nginx/html/monitoreo/tpl/smarty/templates_c/c53b1684a33c6fe58cf6b515a22b5dcf07ad6002_0.file.pruebas.tpl.php on line 43
[26-Sep-2019 10:11:28 America/Los_Angeles] PHP Stack trace:
[26-Sep-2019 10:11:28 America/Los_Angeles] PHP   1. {main}() /Applications/nginxstack-1.14.2-3/nginx/html/monitoreo/user/pruebas/pruebas.php:0
[26-Sep-2019 10:11:28 America/Los_Angeles] PHP   2. Smarty->fetch() /Applications/nginxstack-1.14.2-3/nginx/html/monitoreo/user/pruebas/pruebas.php:33
[26-Sep-2019 10:11:28 America/Los_Angeles] PHP   3. Smarty->_execute() /Applications/nginxstack-1.14.2-3/nginx/html/monitoreo/lib/Smarty/sysplugins/smarty_internal_templatebase.php:116
[26-Sep-2019 10:11:28 America/Los_Angeles] PHP   4. Smarty_Internal_Template->render() /Applications/nginxstack-1.14.2-3/nginx/html/monitoreo/lib/Smarty/sysplugins/smarty_internal_templatebase.php:232
[26-Sep-2019 10:11:28 America/Los_Angeles] PHP   5. Smarty_Template_Compiled->render() /Applications/nginxstack-1.14.2-3/nginx/html/monitoreo/lib/Smarty/sysplugins/smarty_internal_template.php:216
[26-Sep-2019 10:11:28 America/Los_Angeles] PHP   6. Smarty_Template_Compiled->getRenderedTemplateCode() /Applications/nginxstack-1.14.2-3/nginx/html/monitoreo/lib/Smarty/sysplugins/smarty_template_compiled.php:114
[26-Sep-2019 10:11:28 America/Los_Angeles] PHP   7. content_5d85048a1760a4_29905827() /Applications/nginxstack-1.14.2-3/nginx/html/monitoreo/lib/Smarty/sysplugins/smarty_template_resource_base.php:123
[26-Sep-2019 10:11:28 America/Los_Angeles] PHP Notice:  Trying to get property 'value' of non-object in /Applications/nginxstack-1.14.2-3/nginx/html/monitoreo/tpl/smarty/templates_c/c53b1684a33c6fe58cf6b515a22b5dcf07ad6002_0.file.pruebas.tpl.php on line 43
[26-Sep-2019 10:11:28 America/Los_Angeles] PHP Stack trace:
[26-Sep-2019 10:11:28 America/Los_Angeles] PHP   1. {main}() /Applications/nginxstack-1.14.2-3/nginx/html/monitoreo/user/pruebas/pruebas.php:0
[26-Sep-2019 10:11:28 America/Los_Angeles] PHP   2. Smarty->fetch() /Applications/nginxstack-1.14.2-3/nginx/html/monitoreo/user/pruebas/pruebas.php:33
[26-Sep-2019 10:11:28 America/Los_Angeles] PHP   3. Smarty->_execute() /Applications/nginxstack-1.14.2-3/nginx/html/monitoreo/lib/Smarty/sysplugins/smarty_internal_templatebase.php:116
[26-Sep-2019 10:11:28 America/Los_Angeles] PHP   4. Smarty_Internal_Template->render() /Applications/nginxstack-1.14.2-3/nginx/html/monitoreo/lib/Smarty/sysplugins/smarty_internal_templatebase.php:232
[26-Sep-2019 10:11:28 America/Los_Angeles] PHP   5. Smarty_Template_Compiled->render() /Applications/nginxstack-1.14.2-3/nginx/html/monitoreo/lib/Smarty/sysplugins/smarty_internal_template.php:216
[26-Sep-2019 10:11:28 America/Los_Angeles] PHP   6. Smarty_Template_Compiled->getRenderedTemplateCode() /Applications/nginxstack-1.14.2-3/nginx/html/monitoreo/lib/Smarty/sysplugins/smarty_template_compiled.php:114
[26-Sep-2019 10:11:28 America/Los_Angeles] PHP   7. content_5d85048a1760a4_29905827() /Applications/nginxstack-1.14.2-3/nginx/html/monitoreo/lib/Smarty/sysplugins/smarty_template_resource_base.php:123
[26-Sep-2019 10:11:28 America/Los_Angeles] PHP Notice:  Undefined index: exito_mensaje in /Applications/nginxstack-1.14.2-3/nginx/html/monitoreo/tpl/smarty/templates_c/c53b1684a33c6fe58cf6b515a22b5dcf07ad6002_0.file.pruebas.tpl.php on line 45
[26-Sep-2019 10:11:28 America/Los_Angeles] PHP Stack trace:
[26-Sep-2019 10:11:28 America/Los_Angeles] PHP   1. {main}() /Applications/nginxstack-1.14.2-3/nginx/html/monitoreo/user/pruebas/pruebas.php:0
[26-Sep-2019 10:11:28 America/Los_Angeles] PHP   2. Smarty->fetch() /Applications/nginxstack-1.14.2-3/nginx/html/monitoreo/user/pruebas/pruebas.php:33
[26-Sep-2019 10:11:28 America/Los_Angeles] PHP   3. Smarty->_execute() /Applications/nginxstack-1.14.2-3/nginx/html/monitoreo/lib/Smarty/sysplugins/smarty_internal_templatebase.php:116
[26-Sep-2019 10:11:28 America/Los_Angeles] PHP   4. Smarty_Internal_Template->render() /Applications/nginxstack-1.14.2-3/nginx/html/monitoreo/lib/Smarty/sysplugins/smarty_internal_templatebase.php:232
[26-Sep-2019 10:11:28 America/Los_Angeles] PHP   5. Smarty_Template_Compiled->render() /Applications/nginxstack-1.14.2-3/nginx/html/monitoreo/lib/Smarty/sysplugins/smarty_internal_template.php:216
[26-Sep-2019 10:11:28 America/Los_Angeles] PHP   6. Smarty_Template_Compiled->getRenderedTemplateCode() /Applications/nginxstack-1.14.2-3/nginx/html/monitoreo/lib/Smarty/sysplugins/smarty_template_compiled.php:114
[26-Sep-2019 10:11:28 America/Los_Angeles] PHP   7. content_5d85048a1760a4_29905827() /Applications/nginxstack-1.14.2-3/nginx/html/monitoreo/lib/Smarty/sysplugins/smarty_template_resource_base.php:123
[26-Sep-2019 10:11:28 America/Los_Angeles] PHP Notice:  Trying to get property 'value' of non-object in /Applications/nginxstack-1.14.2-3/nginx/html/monitoreo/tpl/smarty/templates_c/c53b1684a33c6fe58cf6b515a22b5dcf07ad6002_0.file.pruebas.tpl.php on line 45
[26-Sep-2019 10:11:28 America/Los_Angeles] PHP Stack trace:
[26-Sep-2019 10:11:28 America/Los_Angeles] PHP   1. {main}() /Applications/nginxstack-1.14.2-3/nginx/html/monitoreo/user/pruebas/pruebas.php:0
[26-Sep-2019 10:11:28 America/Los_Angeles] PHP   2. Smarty->fetch() /Applications/nginxstack-1.14.2-3/nginx/html/monitoreo/user/pruebas/pruebas.php:33
[26-Sep-2019 10:11:28 America/Los_Angeles] PHP   3. Smarty->_execute() /Applications/nginxstack-1.14.2-3/nginx/html/monitoreo/lib/Smarty/sysplugins/smarty_internal_templatebase.php:116
[26-Sep-2019 10:11:28 America/Los_Angeles] PHP   4. Smarty_Internal_Template->render() /Applications/nginxstack-1.14.2-3/nginx/html/monitoreo/lib/Smarty/sysplugins/smarty_internal_templatebase.php:232
[26-Sep-2019 10:11:28 America/Los_Angeles] PHP   5. Smarty_Template_Compiled->render() /Applications/nginxstack-1.14.2-3/nginx/html/monitoreo/lib/Smarty/sysplugins/smarty_internal_template.php:216
[26-Sep-2019 10:11:28 America/Los_Angeles] PHP   6. Smarty_Template_Compiled->getRenderedTemplateCode() /Applications/nginxstack-1.14.2-3/nginx/html/monitoreo/lib/Smarty/sysplugins/smarty_template_compiled.php:114
[26-Sep-2019 10:11:28 America/Los_Angeles] PHP   7. content_5d85048a1760a4_29905827() /Applications/nginxstack-1.14.2-3/nginx/html/monitoreo/lib/Smarty/sysplugins/smarty_template_resource_base.php:123
