[10-Sep-2019 09:12:34 America/Los_Angeles] PHP Notice:  Undefined variable: header in /Applications/nginxstack-1.14.2-3/nginx/html/monitoreo/footer.php on line 6
[10-Sep-2019 09:12:34 America/Los_Angeles] PHP Notice:  Undefined variable: footer in /Applications/nginxstack-1.14.2-3/nginx/html/monitoreo/footer.php on line 8
[10-Sep-2019 09:12:40 America/Los_Angeles] PHP Notice:  Undefined variable: header in /Applications/nginxstack-1.14.2-3/nginx/html/monitoreo/footer.php on line 6
[10-Sep-2019 09:12:40 America/Los_Angeles] PHP Notice:  Undefined variable: footer in /Applications/nginxstack-1.14.2-3/nginx/html/monitoreo/footer.php on line 8
[10-Sep-2019 10:00:15 America/Los_Angeles] PHP Notice:  Undefined variable: header in /Applications/nginxstack-1.14.2-3/nginx/html/monitoreo/footer.php on line 6
[10-Sep-2019 10:00:15 America/Los_Angeles] PHP Notice:  Undefined variable: footer in /Applications/nginxstack-1.14.2-3/nginx/html/monitoreo/footer.php on line 8
[10-Sep-2019 13:29:52 America/Los_Angeles] PHP Notice:  Undefined variable: header in /Applications/nginxstack-1.14.2-3/nginx/html/monitoreo/footer.php on line 6
[10-Sep-2019 13:29:52 America/Los_Angeles] PHP Notice:  Undefined variable: footer in /Applications/nginxstack-1.14.2-3/nginx/html/monitoreo/footer.php on line 8
[10-Sep-2019 13:29:52 America/Los_Angeles] PHP Fatal error:  Uncaught  --> Smarty: Unable to load template 'file:menu_izquierda.tpl' <-- 
  thrown in /Applications/nginxstack-1.14.2-3/nginx/html/monitoreo/lib/Smarty/sysplugins/smarty_internal_template.php on line 195
[10-Sep-2019 13:57:04 America/Los_Angeles] PHP Notice:  Undefined variable: header in /Applications/nginxstack-1.14.2-3/nginx/html/monitoreo/footer.php on line 6
[10-Sep-2019 13:57:04 America/Los_Angeles] PHP Notice:  Undefined variable: footer in /Applications/nginxstack-1.14.2-3/nginx/html/monitoreo/footer.php on line 8
[10-Sep-2019 14:00:44 America/Los_Angeles] PHP Notice:  Undefined variable: header in /Applications/nginxstack-1.14.2-3/nginx/html/monitoreo/footer.php on line 6
[10-Sep-2019 14:00:44 America/Los_Angeles] PHP Notice:  Undefined variable: footer in /Applications/nginxstack-1.14.2-3/nginx/html/monitoreo/footer.php on line 8
[10-Sep-2019 14:01:50 America/Los_Angeles] PHP Notice:  Undefined variable: header in /Applications/nginxstack-1.14.2-3/nginx/html/monitoreo/footer.php on line 6
[10-Sep-2019 14:01:50 America/Los_Angeles] PHP Notice:  Undefined variable: footer in /Applications/nginxstack-1.14.2-3/nginx/html/monitoreo/footer.php on line 8
[10-Sep-2019 14:02:59 America/Los_Angeles] PHP Notice:  Undefined variable: header in /Applications/nginxstack-1.14.2-3/nginx/html/monitoreo/footer.php on line 6
[10-Sep-2019 14:02:59 America/Los_Angeles] PHP Notice:  Undefined variable: footer in /Applications/nginxstack-1.14.2-3/nginx/html/monitoreo/footer.php on line 8
[10-Sep-2019 14:03:06 America/Los_Angeles] PHP Notice:  Undefined variable: header in /Applications/nginxstack-1.14.2-3/nginx/html/monitoreo/footer.php on line 6
[10-Sep-2019 14:03:06 America/Los_Angeles] PHP Notice:  Undefined variable: footer in /Applications/nginxstack-1.14.2-3/nginx/html/monitoreo/footer.php on line 8
[10-Sep-2019 14:05:31 America/Los_Angeles] PHP Notice:  Undefined variable: header in /Applications/nginxstack-1.14.2-3/nginx/html/monitoreo/footer.php on line 6
[10-Sep-2019 14:05:31 America/Los_Angeles] PHP Notice:  Undefined variable: footer in /Applications/nginxstack-1.14.2-3/nginx/html/monitoreo/footer.php on line 8
[10-Sep-2019 14:05:34 America/Los_Angeles] PHP Notice:  Undefined variable: header in /Applications/nginxstack-1.14.2-3/nginx/html/monitoreo/footer.php on line 6
[10-Sep-2019 14:05:34 America/Los_Angeles] PHP Notice:  Undefined variable: footer in /Applications/nginxstack-1.14.2-3/nginx/html/monitoreo/footer.php on line 8
[10-Sep-2019 14:15:18 America/Los_Angeles] PHP Notice:  Undefined variable: header in /Applications/nginxstack-1.14.2-3/nginx/html/monitoreo/footer.php on line 6
[10-Sep-2019 14:15:18 America/Los_Angeles] PHP Notice:  Undefined variable: footer in /Applications/nginxstack-1.14.2-3/nginx/html/monitoreo/footer.php on line 8
[10-Sep-2019 14:16:52 America/Los_Angeles] PHP Notice:  Undefined variable: header in /Applications/nginxstack-1.14.2-3/nginx/html/monitoreo/footer.php on line 6
[10-Sep-2019 14:16:52 America/Los_Angeles] PHP Notice:  Undefined variable: footer in /Applications/nginxstack-1.14.2-3/nginx/html/monitoreo/footer.php on line 8
[10-Sep-2019 14:16:58 America/Los_Angeles] PHP Notice:  Undefined variable: header in /Applications/nginxstack-1.14.2-3/nginx/html/monitoreo/footer.php on line 6
[10-Sep-2019 14:16:58 America/Los_Angeles] PHP Notice:  Undefined variable: footer in /Applications/nginxstack-1.14.2-3/nginx/html/monitoreo/footer.php on line 8
[10-Sep-2019 14:33:33 America/Los_Angeles] PHP Notice:  Undefined variable: header in /Applications/nginxstack-1.14.2-3/nginx/html/monitoreo/footer.php on line 6
[10-Sep-2019 14:33:33 America/Los_Angeles] PHP Notice:  Undefined variable: footer in /Applications/nginxstack-1.14.2-3/nginx/html/monitoreo/footer.php on line 8
[10-Sep-2019 14:33:37 America/Los_Angeles] PHP Notice:  Undefined variable: header in /Applications/nginxstack-1.14.2-3/nginx/html/monitoreo/footer.php on line 6
[10-Sep-2019 14:33:37 America/Los_Angeles] PHP Notice:  Undefined variable: footer in /Applications/nginxstack-1.14.2-3/nginx/html/monitoreo/footer.php on line 8
[10-Sep-2019 14:33:43 America/Los_Angeles] PHP Notice:  Undefined variable: header in /Applications/nginxstack-1.14.2-3/nginx/html/monitoreo/footer.php on line 6
[10-Sep-2019 14:33:43 America/Los_Angeles] PHP Notice:  Undefined variable: footer in /Applications/nginxstack-1.14.2-3/nginx/html/monitoreo/footer.php on line 8
[10-Sep-2019 14:33:44 America/Los_Angeles] PHP Notice:  Undefined variable: header in /Applications/nginxstack-1.14.2-3/nginx/html/monitoreo/footer.php on line 6
[10-Sep-2019 14:33:44 America/Los_Angeles] PHP Notice:  Undefined variable: footer in /Applications/nginxstack-1.14.2-3/nginx/html/monitoreo/footer.php on line 8
[10-Sep-2019 14:34:19 America/Los_Angeles] PHP Notice:  Undefined variable: header in /Applications/nginxstack-1.14.2-3/nginx/html/monitoreo/footer.php on line 6
[10-Sep-2019 14:34:19 America/Los_Angeles] PHP Notice:  Undefined variable: footer in /Applications/nginxstack-1.14.2-3/nginx/html/monitoreo/footer.php on line 8
[10-Sep-2019 14:35:12 America/Los_Angeles] PHP Notice:  Undefined variable: header in /Applications/nginxstack-1.14.2-3/nginx/html/monitoreo/footer.php on line 6
[10-Sep-2019 14:35:12 America/Los_Angeles] PHP Notice:  Undefined variable: footer in /Applications/nginxstack-1.14.2-3/nginx/html/monitoreo/footer.php on line 8
[10-Sep-2019 14:37:22 America/Los_Angeles] PHP Notice:  Undefined variable: header in /Applications/nginxstack-1.14.2-3/nginx/html/monitoreo/footer.php on line 6
[10-Sep-2019 14:37:22 America/Los_Angeles] PHP Notice:  Undefined variable: footer in /Applications/nginxstack-1.14.2-3/nginx/html/monitoreo/footer.php on line 8
[10-Sep-2019 14:37:29 America/Los_Angeles] PHP Notice:  Undefined variable: header in /Applications/nginxstack-1.14.2-3/nginx/html/monitoreo/footer.php on line 6
[10-Sep-2019 14:37:29 America/Los_Angeles] PHP Notice:  Undefined variable: footer in /Applications/nginxstack-1.14.2-3/nginx/html/monitoreo/footer.php on line 8
[10-Sep-2019 14:37:37 America/Los_Angeles] PHP Notice:  Undefined variable: header in /Applications/nginxstack-1.14.2-3/nginx/html/monitoreo/footer.php on line 6
[10-Sep-2019 14:37:37 America/Los_Angeles] PHP Notice:  Undefined variable: footer in /Applications/nginxstack-1.14.2-3/nginx/html/monitoreo/footer.php on line 8
[10-Sep-2019 14:43:11 America/Los_Angeles] PHP Notice:  Undefined variable: header in /Applications/nginxstack-1.14.2-3/nginx/html/monitoreo/footer.php on line 6
[10-Sep-2019 14:43:11 America/Los_Angeles] PHP Notice:  Undefined variable: footer in /Applications/nginxstack-1.14.2-3/nginx/html/monitoreo/footer.php on line 8
[10-Sep-2019 14:43:14 America/Los_Angeles] PHP Notice:  Undefined variable: header in /Applications/nginxstack-1.14.2-3/nginx/html/monitoreo/footer.php on line 6
[10-Sep-2019 14:43:14 America/Los_Angeles] PHP Notice:  Undefined variable: footer in /Applications/nginxstack-1.14.2-3/nginx/html/monitoreo/footer.php on line 8
[10-Sep-2019 14:43:18 America/Los_Angeles] PHP Notice:  Undefined variable: header in /Applications/nginxstack-1.14.2-3/nginx/html/monitoreo/footer.php on line 6
[10-Sep-2019 14:43:18 America/Los_Angeles] PHP Notice:  Undefined variable: footer in /Applications/nginxstack-1.14.2-3/nginx/html/monitoreo/footer.php on line 8
[10-Sep-2019 14:49:52 America/Los_Angeles] PHP Notice:  Undefined variable: header in /Applications/nginxstack-1.14.2-3/nginx/html/monitoreo/footer.php on line 6
[10-Sep-2019 14:49:52 America/Los_Angeles] PHP Notice:  Undefined variable: footer in /Applications/nginxstack-1.14.2-3/nginx/html/monitoreo/footer.php on line 8
[10-Sep-2019 14:51:24 America/Los_Angeles] PHP Notice:  Undefined variable: header in /Applications/nginxstack-1.14.2-3/nginx/html/monitoreo/footer.php on line 6
[10-Sep-2019 14:51:24 America/Los_Angeles] PHP Notice:  Undefined variable: footer in /Applications/nginxstack-1.14.2-3/nginx/html/monitoreo/footer.php on line 8
[10-Sep-2019 15:06:17 America/Los_Angeles] PHP Notice:  Undefined variable: header in /Applications/nginxstack-1.14.2-3/nginx/html/monitoreo/footer.php on line 6
[10-Sep-2019 15:06:17 America/Los_Angeles] PHP Notice:  Undefined variable: footer in /Applications/nginxstack-1.14.2-3/nginx/html/monitoreo/footer.php on line 8
[10-Sep-2019 15:09:22 America/Los_Angeles] PHP Notice:  Undefined variable: header in /Applications/nginxstack-1.14.2-3/nginx/html/monitoreo/footer.php on line 6
[10-Sep-2019 15:09:22 America/Los_Angeles] PHP Notice:  Undefined variable: footer in /Applications/nginxstack-1.14.2-3/nginx/html/monitoreo/footer.php on line 8
[10-Sep-2019 15:09:26 America/Los_Angeles] PHP Notice:  Undefined variable: header in /Applications/nginxstack-1.14.2-3/nginx/html/monitoreo/footer.php on line 6
[10-Sep-2019 15:09:26 America/Los_Angeles] PHP Notice:  Undefined variable: footer in /Applications/nginxstack-1.14.2-3/nginx/html/monitoreo/footer.php on line 8
[10-Sep-2019 15:16:07 America/Los_Angeles] PHP Notice:  Undefined variable: header in /Applications/nginxstack-1.14.2-3/nginx/html/monitoreo/footer.php on line 6
[10-Sep-2019 15:16:07 America/Los_Angeles] PHP Notice:  Undefined variable: footer in /Applications/nginxstack-1.14.2-3/nginx/html/monitoreo/footer.php on line 8
[10-Sep-2019 15:16:11 America/Los_Angeles] PHP Notice:  Undefined variable: header in /Applications/nginxstack-1.14.2-3/nginx/html/monitoreo/footer.php on line 6
[10-Sep-2019 15:16:11 America/Los_Angeles] PHP Notice:  Undefined variable: footer in /Applications/nginxstack-1.14.2-3/nginx/html/monitoreo/footer.php on line 8
[10-Sep-2019 15:19:43 America/Los_Angeles] PHP Notice:  Undefined variable: header in /Applications/nginxstack-1.14.2-3/nginx/html/monitoreo/footer.php on line 6
[10-Sep-2019 15:19:43 America/Los_Angeles] PHP Notice:  Undefined variable: footer in /Applications/nginxstack-1.14.2-3/nginx/html/monitoreo/footer.php on line 8
[10-Sep-2019 15:19:48 America/Los_Angeles] PHP Notice:  Undefined variable: header in /Applications/nginxstack-1.14.2-3/nginx/html/monitoreo/footer.php on line 6
[10-Sep-2019 15:19:48 America/Los_Angeles] PHP Notice:  Undefined variable: footer in /Applications/nginxstack-1.14.2-3/nginx/html/monitoreo/footer.php on line 8
[10-Sep-2019 15:23:30 America/Los_Angeles] PHP Notice:  Undefined variable: header in /Applications/nginxstack-1.14.2-3/nginx/html/monitoreo/footer.php on line 6
[10-Sep-2019 15:23:30 America/Los_Angeles] PHP Notice:  Undefined variable: footer in /Applications/nginxstack-1.14.2-3/nginx/html/monitoreo/footer.php on line 8
[10-Sep-2019 15:23:36 America/Los_Angeles] PHP Notice:  Undefined variable: header in /Applications/nginxstack-1.14.2-3/nginx/html/monitoreo/footer.php on line 6
[10-Sep-2019 15:23:36 America/Los_Angeles] PHP Notice:  Undefined variable: footer in /Applications/nginxstack-1.14.2-3/nginx/html/monitoreo/footer.php on line 8
[11-Sep-2019 08:12:08 America/Los_Angeles] PHP Notice:  Undefined variable: header in /Applications/nginxstack-1.14.2-3/nginx/html/monitoreo/footer.php on line 6
[11-Sep-2019 08:12:08 America/Los_Angeles] PHP Notice:  Undefined variable: footer in /Applications/nginxstack-1.14.2-3/nginx/html/monitoreo/footer.php on line 8
[11-Sep-2019 08:12:22 America/Los_Angeles] PHP Notice:  Undefined variable: header in /Applications/nginxstack-1.14.2-3/nginx/html/monitoreo/footer.php on line 6
[11-Sep-2019 08:12:22 America/Los_Angeles] PHP Notice:  Undefined variable: footer in /Applications/nginxstack-1.14.2-3/nginx/html/monitoreo/footer.php on line 8
[11-Sep-2019 08:12:29 America/Los_Angeles] PHP Notice:  Undefined variable: header in /Applications/nginxstack-1.14.2-3/nginx/html/monitoreo/footer.php on line 6
[11-Sep-2019 08:12:29 America/Los_Angeles] PHP Notice:  Undefined variable: footer in /Applications/nginxstack-1.14.2-3/nginx/html/monitoreo/footer.php on line 8
[11-Sep-2019 08:54:05 America/Los_Angeles] PHP Notice:  Undefined index: tipo_de_usuario in /Applications/nginxstack-1.14.2-3/nginx/html/monitoreo/config/config.php on line 37
